Log file open, 10/10/20 19:58:33
LogInit: Display: Running engine for game: TTT
LogPlatformFile: Not using cached read wrapper
LogTaskGraph: Started task graph with 5 named threads and 14 total threads with 3 sets of task threads.
LogStats: Stats thread started at 2.842932
LogD3D11RHI: Loaded GFSDK_Aftermath_Lib.x64.dll
LogICUInternationalization: ICU TimeZone Detection - Raw Offset: -6:00, Platform Override: ''
LogPluginManager: Mounting plugin Paper2D
LogPluginManager: Mounting plugin AISupport
LogPluginManager: Mounting plugin LightPropagationVolume
LogPluginManager: Mounting plugin CameraShakePreviewer
LogPluginManager: Mounting plugin ActorLayerUtilities
LogPluginManager: Mounting plugin AnimationSharing
LogPluginManager: Mounting plugin CLionSourceCodeAccess
LogPluginManager: Mounting plugin CodeLiteSourceCodeAccess
LogPluginManager: Mounting plugin GitSourceControl
LogPluginManager: Mounting plugin KDevelopSourceCodeAccess
LogPluginManager: Mounting plugin NullSourceCodeAccess
LogPluginManager: Mounting plugin PerforceSourceControl
LogPluginManager: Mounting plugin PlasticSourceControl
LogPluginManager: Mounting plugin RiderSourceCodeAccess
LogPluginManager: Mounting plugin SubversionSourceControl
LogPluginManager: Mounting plugin UObjectPlugin
LogPluginManager: Mounting plugin VisualStudioCodeSourceCodeAccess
LogPluginManager: Mounting plugin VisualStudioSourceCodeAccess
LogPluginManager: Mounting plugin XCodeSourceCodeAccess
LogPluginManager: Mounting plugin AssetManagerEditor
LogPluginManager: Mounting plugin CryptoKeys
LogPluginManager: Mounting plugin CurveEditorTools
LogPluginManager: Mounting plugin DataValidation
LogPluginManager: Mounting plugin EditorScriptingUtilities
LogPluginManager: Mounting plugin FacialAnimation
LogPluginManager: Mounting plugin GameplayTagsEditor
LogPluginManager: Mounting plugin GeometryMode
LogPluginManager: Mounting plugin MacGraphicsSwitching
LogPluginManager: Mounting plugin MaterialAnalyzer
LogPluginManager: Mounting plugin MobileLauncherProfileWizard
LogPluginManager: Mounting plugin PluginBrowser
LogPluginManager: Mounting plugin SpeedTreeImporter
LogPluginManager: Mounting plugin DatasmithContent
LogPluginManager: Mounting plugin VariantManagerContent
LogPluginManager: Mounting plugin AlembicImporter
LogPluginManager: Mounting plugin AutomationUtils
LogPluginManager: Mounting plugin BackChannel
LogPluginManager: Mounting plugin ChaosCloth
LogPluginManager: Mounting plugin ChaosClothEditor
LogPluginManager: Mounting plugin ChaosEditor
LogPluginManager: Mounting plugin ChaosNiagara
LogPluginManager: Mounting plugin ChaosSolverPlugin
LogPluginManager: Mounting plugin CharacterAI
LogPluginManager: Mounting plugin GeometryCache
LogPluginManager: Mounting plugin GeometryCollectionPlugin
LogPluginManager: Mounting plugin GeometryProcessing
LogPluginManager: Mounting plugin PlanarCut
LogPluginManager: Mounting plugin PlatformCrypto
LogPluginManager: Mounting plugin ProxyLODPlugin
LogPluginManager: Mounting plugin SkeletalReduction
LogPluginManager: Mounting plugin Niagara
LogPluginManager: Mounting plugin MagicLeap
LogPluginManager: Mounting plugin MagicLeapLightEstimation
LogPluginManager: Mounting plugin MagicLeapMedia
LogPluginManager: Mounting plugin MagicLeapPassableWorld
LogPluginManager: Mounting plugin MLSDK
LogPluginManager: Mounting plugin AndroidMedia
LogPluginManager: Mounting plugin AvfMedia
LogPluginManager: Mounting plugin ImgMedia
LogPluginManager: Mounting plugin MediaCompositing
LogPluginManager: Mounting plugin MediaPlayerEditor
LogPluginManager: Mounting plugin WebMMedia
LogPluginManager: Mounting plugin WmfMedia
LogPluginManager: Mounting plugin MeshPainting
LogPluginManager: Mounting plugin TcpMessaging
LogPluginManager: Mounting plugin UdpMessaging
LogPluginManager: Mounting plugin ActorSequence
LogPluginManager: Mounting plugin LevelSequenceEditor
LogPluginManager: Mounting plugin MatineeToLevelSequence
LogPluginManager: Mounting plugin MovieRenderPipeline
LogPluginManager: Mounting plugin TemplateSequence
LogPluginManager: Mounting plugin NetcodeUnitTest
LogPluginManager: Mounting plugin NUTUnrealEngine4
LogPluginManager: Mounting plugin OnlineSubsystemGooglePlay
LogPluginManager: Mounting plugin OnlineSubsystemIOS
LogPluginManager: Mounting plugin OnlineSubsystem
LogPluginManager: Mounting plugin OnlineSubsystemNull
LogPluginManager: Mounting plugin OnlineSubsystemUtils
LogPluginManager: Mounting plugin LauncherChunkInstaller
LogPluginManager: Mounting plugin AndroidDeviceProfileSelector
LogPluginManager: Mounting plugin AndroidMoviePlayer
LogPluginManager: Mounting plugin AndroidPermission
LogPluginManager: Mounting plugin AppleImageUtils
LogPluginManager: Mounting plugin AppleMoviePlayer
LogPluginManager: Mounting plugin ArchVisCharacter
LogPluginManager: Mounting plugin AssetTags
LogPluginManager: Mounting plugin AudioCapture
LogPluginManager: Mounting plugin CableComponent
LogPluginManager: Mounting plugin CustomMeshComponent
LogPluginManager: Mounting plugin EditableMesh
LogPluginManager: Mounting plugin ExampleDeviceProfileSelector
LogPluginManager: Mounting plugin GoogleCloudMessaging
LogPluginManager: Mounting plugin GooglePAD
LogPluginManager: Mounting plugin IOSDeviceProfileSelector
LogPluginManager: Mounting plugin LinuxDeviceProfileSelector
LogPluginManager: Mounting plugin LocationServicesBPLibrary
LogPluginManager: Mounting plugin MobilePatchingUtils
LogPluginManager: Mounting plugin OculusVR
LogPluginManager: Mounting plugin PhysXVehicles
LogPluginManager: Mounting plugin PostSplashScreen
LogPluginManager: Mounting plugin ProceduralMeshComponent
LogPluginManager: Mounting plugin RuntimePhysXCooking
LogPluginManager: Mounting plugin SignificanceManager
LogPluginManager: Mounting plugin SoundFields
LogPluginManager: Mounting plugin SteamVR
LogPluginManager: Mounting plugin Synthesis
LogPluginManager: Mounting plugin WebMMoviePlayer
LogPluginManager: Mounting plugin WindowsMoviePlayer
LogPluginManager: Mounting plugin ScreenshotTools
LogInit: Using libcurl 7.55.1-DEV
LogInit:  - built for x86_64-pc-win32
LogInit:  - supports SSL with OpenSSL/1.1.1
LogInit:  - supports HTTP deflate (compression) using libz 1.2.8
LogInit:  - other features:
LogInit:      CURL_VERSION_SSL
LogInit:      CURL_VERSION_LIBZ
LogInit:      CURL_VERSION_IPV6
LogInit:      CURL_VERSION_ASYNCHDNS
LogInit:      CURL_VERSION_LARGEFILE
LogInit:      CURL_VERSION_IDN
LogInit:  CurlRequestOptions (configurable via config and command line):
LogInit:  - bVerifyPeer = true  - Libcurl will verify peer certificate
LogInit:  - bUseHttpProxy = false  - Libcurl will NOT use HTTP proxy
LogInit:  - bDontReuseConnections = false  - Libcurl will reuse connections
LogInit:  - MaxHostConnections = 16  - Libcurl will limit the number of connections to a host
LogInit:  - LocalHostAddr = Default
LogInit:  - BufferSize = 65536
LogOnline: OSS: Creating online subsystem instance for: NULL
LogInit: WinSock: version 1.1 (2.2), MaxSocks=32767, MaxUdp=65467
LogOnline: OSS: TryLoadSubsystemAndSetDefault: Loaded subsystem for module [NULL]
LogInit: Build: ++UE4+Release-4.25-CL-13942748
LogInit: Engine Version: 4.25.3-13942748+++UE4+Release-4.25
LogInit: Compatible Engine Version: 4.25.0-13144385+++UE4+Release-4.25
LogInit: Net CL: 13144385
LogInit: OS: Windows 10 (Release 1909) (), CPU: Intel(R) Pentium(R) Silver N5000 CPU @ 1.10GHz, GPU: Intel(R) UHD Graphics 605
LogInit: Compiled (64-bit): Jul 25 2020 02:07:48
LogInit: Compiled with Visual C++: 19.24.28315.00
LogInit: Build Configuration: Development
LogInit: Branch Name: ++UE4+Release-4.25
LogInit: Command Line: 
LogInit: Base Directory: D:/UnrealEngine/UE_4.25/Engine/Binaries/Win64/
LogInit: Allocator: TBB
LogInit: Installed Engine Build: 1
LogDevObjectVersion: Number of dev versions registered: 26
LogDevObjectVersion:   Dev-Blueprints (B0D832E4-1F89-4F0D-ACCF-7EB736FD4AA2): 10
LogDevObjectVersion:   Dev-Build (E1C64328-A22C-4D53-A36C-8E866417BD8C): 0
LogDevObjectVersion:   Dev-Core (375EC13C-06E4-48FB-B500-84F0262A717E): 4
LogDevObjectVersion:   Dev-Editor (E4B068ED-F494-42E9-A231-DA0B2E46BB41): 38
LogDevObjectVersion:   Dev-Framework (CFFC743F-43B0-4480-9391-14DF171D2073): 37
LogDevObjectVersion:   Dev-Mobile (B02B49B5-BB20-44E9-A304-32B752E40360): 2
LogDevObjectVersion:   Dev-Networking (A4E4105C-59A1-49B5-A7C5-40C4547EDFEE): 0
LogDevObjectVersion:   Dev-Online (39C831C9-5AE6-47DC-9A44-9C173E1C8E7C): 0
LogDevObjectVersion:   Dev-Physics (78F01B33-EBEA-4F98-B9B4-84EACCB95AA2): 4
LogDevObjectVersion:   Dev-Platform (6631380F-2D4D-43E0-8009-CF276956A95A): 0
LogDevObjectVersion:   Dev-Rendering (12F88B9F-8875-4AFC-A67C-D90C383ABD29): 43
LogDevObjectVersion:   Dev-Sequencer (7B5AE74C-D270-4C10-A958-57980B212A5A): 12
LogDevObjectVersion:   Dev-VR (D7296918-1DD6-4BDD-9DE2-64A83CC13884): 3
LogDevObjectVersion:   Dev-LoadTimes (C2A15278-BFE7-4AFE-6C17-90FF531DF755): 1
LogDevObjectVersion:   Private-Geometry (6EACA3D4-40EC-4CC1-B786-8BED09428FC5): 3
LogDevObjectVersion:   Dev-AnimPhys (29E575DD-E0A3-4627-9D10-D276232CDCEA): 17
LogDevObjectVersion:   Dev-Anim (AF43A65D-7FD3-4947-9873-3E8ED9C1BB05): 7
LogDevObjectVersion:   Dev-ReflectionCapture (6B266CEC-1EC7-4B8F-A30B-E4D90942FC07): 1
LogDevObjectVersion:   Dev-Automation (0DF73D61-A23F-47EA-B727-89E90C41499A): 1
LogDevObjectVersion:   FortniteMain (601D1886-AC64-4F84-AA16-D3DE0DEAC7D6): 31
LogDevObjectVersion:   Dev-Enterprise (9DFFBCD6-494F-0158-E221-12823C92A888): 10
LogDevObjectVersion:   Dev-Niagara (F2AED0AC-9AFE-416F-8664-AA7FFA26D6FC): 1
LogDevObjectVersion:   Dev-Destruction (174F1F0B-B4C6-45A5-B13F-2EE8D0FB917D): 10
LogDevObjectVersion:   Dev-Physics-Ext (35F94A83-E258-406C-A318-09F59610247C): 37
LogDevObjectVersion:   Dev-PhysicsMaterial-Chaos (B68FC16E-8B1B-42E2-B453-215C058844FE): 1
LogDevObjectVersion:   Dev-CineCamera (B2E18506-4273-CFC2-A54E-F4BB758BBA07): 1
LogInit: Presizing for max 25165824 objects, including 0 objects not considered by GC, pre-allocating 0 bytes for permanent pool.
LogConfig: Applying CVar settings from Section [/Script/Engine.StreamingSettings] File [D:/Rivas_TicTakToe/TicTacToe-main/TTT/Saved/Config/Windows/Engine.ini]
LogConfig: Setting CVar [[s.MinBulkDataSizeForAsyncLoading:131072]]
LogConfig: Setting CVar [[s.AsyncLoadingThreadEnabled:0]]
LogConfig: Setting CVar [[s.EventDrivenLoaderEnabled:1]]
LogConfig: Setting CVar [[s.WarnIfTimeLimitExceeded:0]]
LogConfig: Setting CVar [[s.TimeLimitExceededMultiplier:1.5]]
LogConfig: Setting CVar [[s.TimeLimitExceededMinTime:0.005]]
LogConfig: Setting CVar [[s.UseBackgroundLevelStreaming:1]]
LogConfig: Setting CVar [[s.PriorityAsyncLoadingExtraTime:15.0]]
LogConfig: Setting CVar [[s.LevelStreamingActorsUpdateTimeLimit:5.0]]
LogConfig: Setting CVar [[s.PriorityLevelStreamingActorsUpdateExtraTime:5.0]]
LogConfig: Setting CVar [[s.LevelStreamingComponentsRegistrationGranularity:10]]
LogConfig: Setting CVar [[s.UnregisterComponentsTimeLimit:1.0]]
LogConfig: Setting CVar [[s.LevelStreamingComponentsUnregistrationGranularity:5]]
LogConfig: Setting CVar [[s.FlushStreamingOnExit:1]]
LogInit: Object subsystem initialized
LogConfig: Setting CVar [[con.DebugEarlyDefault:1]]
LogConfig: Setting CVar [[r.setres:1280x720]]
[2020.10.11-00.58.37:568][  0]LogConfig: Setting CVar [[r.VSync:0]]
[2020.10.11-00.58.37:568][  0]LogConfig: Setting CVar [[r.RHICmdBypass:0]]
[2020.10.11-00.58.37:568][  0]LogConfig: Applying CVar settings from Section [/Script/Engine.RendererSettings] File [D:/Rivas_TicTakToe/TicTacToe-main/TTT/Saved/Config/Windows/Engine.ini]
[2020.10.11-00.58.37:568][  0]LogConfig: Setting CVar [[r.GPUCrashDebugging:0]]
[2020.10.11-00.58.37:569][  0]LogConfig: Applying CVar settings from Section [/Script/Engine.RendererOverrideSettings] File [D:/Rivas_TicTakToe/TicTacToe-main/TTT/Saved/Config/Windows/Engine.ini]
[2020.10.11-00.58.37:569][  0]LogConfig: Applying CVar settings from Section [/Script/Engine.StreamingSettings] File [D:/Rivas_TicTakToe/TicTacToe-main/TTT/Saved/Config/Windows/Engine.ini]
[2020.10.11-00.58.37:569][  0]LogConfig: Setting CVar [[s.MinBulkDataSizeForAsyncLoading:131072]]
[2020.10.11-00.58.37:569][  0]LogConfig: Setting CVar [[s.AsyncLoadingThreadEnabled:0]]
[2020.10.11-00.58.37:569][  0]LogConfig: Setting CVar [[s.EventDrivenLoaderEnabled:1]]
[2020.10.11-00.58.37:569][  0]LogConfig: Setting CVar [[s.WarnIfTimeLimitExceeded:0]]
[2020.10.11-00.58.37:569][  0]LogConfig: Setting CVar [[s.TimeLimitExceededMultiplier:1.5]]
[2020.10.11-00.58.37:569][  0]LogConfig: Setting CVar [[s.TimeLimitExceededMinTime:0.005]]
[2020.10.11-00.58.37:569][  0]LogConfig: Setting CVar [[s.UseBackgroundLevelStreaming:1]]
[2020.10.11-00.58.37:569][  0]LogConfig: Setting CVar [[s.PriorityAsyncLoadingExtraTime:15.0]]
[2020.10.11-00.58.37:569][  0]LogConfig: Setting CVar [[s.LevelStreamingActorsUpdateTimeLimit:5.0]]
[2020.10.11-00.58.37:569][  0]LogConfig: Setting CVar [[s.PriorityLevelStreamingActorsUpdateExtraTime:5.0]]
[2020.10.11-00.58.37:569][  0]LogConfig: Setting CVar [[s.LevelStreamingComponentsRegistrationGranularity:10]]
[2020.10.11-00.58.37:569][  0]LogConfig: Setting CVar [[s.UnregisterComponentsTimeLimit:1.0]]
[2020.10.11-00.58.37:569][  0]LogConfig: Setting CVar [[s.LevelStreamingComponentsUnregistrationGranularity:5]]
[2020.10.11-00.58.37:569][  0]LogConfig: Setting CVar [[s.FlushStreamingOnExit:1]]
[2020.10.11-00.58.37:569][  0]LogConfig: Applying CVar settings from Section [/Script/Engine.GarbageCollectionSettings] File [D:/Rivas_TicTakToe/TicTacToe-main/TTT/Saved/Config/Windows/Engine.ini]
[2020.10.11-00.58.37:569][  0]LogConfig: Setting CVar [[gc.MaxObjectsNotConsideredByGC:1]]
[2020.10.11-00.58.37:569][  0]LogConfig: Setting CVar [[gc.SizeOfPermanentObjectPool:0]]
[2020.10.11-00.58.37:569][  0]LogConfig: Setting CVar [[gc.FlushStreamingOnGC:0]]
[2020.10.11-00.58.37:569][  0]LogConfig: Setting CVar [[gc.NumRetriesBeforeForcingGC:10]]
[2020.10.11-00.58.37:569][  0]LogConfig: Setting CVar [[gc.AllowParallelGC:1]]
[2020.10.11-00.58.37:569][  0]LogConfig: Setting CVar [[gc.TimeBetweenPurgingPendingKillObjects:61.1]]
[2020.10.11-00.58.37:569][  0]LogConfig: Setting CVar [[gc.MaxObjectsInEditor:25165824]]
[2020.10.11-00.58.37:569][  0]LogConfig: Setting CVar [[gc.IncrementalBeginDestroyEnabled:1]]
[2020.10.11-00.58.37:569][  0]LogConfig: Setting CVar [[gc.CreateGCClusters:1]]
[2020.10.11-00.58.37:569][  0]LogConfig: Setting CVar [[gc.MinGCClusterSize:5]]
[2020.10.11-00.58.37:569][  0]LogConfig: Setting CVar [[gc.ActorClusteringEnabled:0]]
[2020.10.11-00.58.37:569][  0]LogConfig: Setting CVar [[gc.BlueprintClusteringEnabled:0]]
[2020.10.11-00.58.37:570][  0]LogConfig: Setting CVar [[gc.UseDisregardForGCOnDedicatedServers:0]]
[2020.10.11-00.58.37:570][  0]LogConfig: Applying CVar settings from Section [/Script/Engine.NetworkSettings] File [D:/Rivas_TicTakToe/TicTacToe-main/TTT/Saved/Config/Windows/Engine.ini]
[2020.10.11-00.58.37:570][  0]LogConfig: Applying CVar settings from Section [/Script/UnrealEd.CookerSettings] File [D:/Rivas_TicTakToe/TicTacToe-main/TTT/Saved/Config/Windows/Engine.ini]
[2020.10.11-00.58.37:574][  0]LogConfig: Applying CVar settings from Section [ViewDistanceQuality@3] File [D:/Rivas_TicTakToe/TicTacToe-main/TTT/Saved/Config/Windows/Scalability.ini]
[2020.10.11-00.58.37:574][  0]LogConfig: Setting CVar [[r.SkeletalMeshLODBias:0]]
[2020.10.11-00.58.37:574][  0]LogConfig: Setting CVar [[r.ViewDistanceScale:1.0]]
[2020.10.11-00.58.37:574][  0]LogConfig: Applying CVar settings from Section [AntiAliasingQuality@3] File [D:/Rivas_TicTakToe/TicTacToe-main/TTT/Saved/Config/Windows/Scalability.ini]
[2020.10.11-00.58.37:574][  0]LogConfig: Setting CVar [[r.PostProcessAAQuality:4]]
[2020.10.11-00.58.37:574][  0]LogConfig: Applying CVar settings from Section [ShadowQuality@3] File [D:/Rivas_TicTakToe/TicTacToe-main/TTT/Saved/Config/Windows/Scalability.ini]
[2020.10.11-00.58.37:574][  0]LogConfig: Setting CVar [[r.LightFunctionQuality:1]]
[2020.10.11-00.58.37:574][  0]LogConfig: Setting CVar [[r.ShadowQuality:5]]
[2020.10.11-00.58.37:574][  0]LogConfig: Setting CVar [[r.Shadow.CSM.MaxCascades:10]]
[2020.10.11-00.58.37:574][  0]LogConfig: Setting CVar [[r.Shadow.MaxResolution:2048]]
[2020.10.11-00.58.37:575][  0]LogConfig: Setting CVar [[r.Shadow.MaxCSMResolution:2048]]
[2020.10.11-00.58.37:575][  0]LogConfig: Setting CVar [[r.Shadow.RadiusThreshold:0.01]]
[2020.10.11-00.58.37:575][  0]LogConfig: Setting CVar [[r.Shadow.DistanceScale:1.0]]
[2020.10.11-00.58.37:575][  0]LogConfig: Setting CVar [[r.Shadow.CSM.TransitionScale:1.0]]
[2020.10.11-00.58.37:575][  0]LogConfig: Setting CVar [[r.Shadow.PreShadowResolutionFactor:1.0]]
[2020.10.11-00.58.37:575][  0]LogConfig: Setting CVar [[r.DistanceFieldShadowing:1]]
[2020.10.11-00.58.37:575][  0]LogConfig: Setting CVar [[r.DistanceFieldAO:1]]
[2020.10.11-00.58.37:575][  0]LogConfig: Setting CVar [[r.AOQuality:2]]
[2020.10.11-00.58.37:575][  0]LogConfig: Setting CVar [[r.VolumetricFog:1]]
[2020.10.11-00.58.37:575][  0]LogConfig: Setting CVar [[r.VolumetricFog.GridPixelSize:8]]
[2020.10.11-00.58.37:575][  0]LogConfig: Setting CVar [[r.VolumetricFog.GridSizeZ:128]]
[2020.10.11-00.58.37:575][  0]LogConfig: Setting CVar [[r.VolumetricFog.HistoryMissSupersampleCount:4]]
[2020.10.11-00.58.37:575][  0]LogConfig: Setting CVar [[r.LightMaxDrawDistanceScale:1]]
[2020.10.11-00.58.37:575][  0]LogConfig: Setting CVar [[r.CapsuleShadows:1]]
[2020.10.11-00.58.37:575][  0]LogConfig: Applying CVar settings from Section [PostProcessQuality@3] File [D:/Rivas_TicTakToe/TicTacToe-main/TTT/Saved/Config/Windows/Scalability.ini]
[2020.10.11-00.58.37:575][  0]LogConfig: Setting CVar [[r.MotionBlurQuality:4]]
[2020.10.11-00.58.37:575][  0]LogConfig: Setting CVar [[r.AmbientOcclusionMipLevelFactor:0.4]]
[2020.10.11-00.58.37:575][  0]LogConfig: Setting CVar [[r.AmbientOcclusionMaxQuality:100]]
[2020.10.11-00.58.37:575][  0]LogConfig: Setting CVar [[r.AmbientOcclusionLevels:-1]]
[2020.10.11-00.58.37:575][  0]LogConfig: Setting CVar [[r.AmbientOcclusionRadiusScale:1.0]]
[2020.10.11-00.58.37:575][  0]LogConfig: Setting CVar [[r.DepthOfFieldQuality:2]]
[2020.10.11-00.58.37:575][  0]LogConfig: Setting CVar [[r.RenderTargetPoolMin:400]]
[2020.10.11-00.58.37:575][  0]LogConfig: Setting CVar [[r.LensFlareQuality:2]]
[2020.10.11-00.58.37:575][  0]LogConfig: Setting CVar [[r.SceneColorFringeQuality:1]]
[2020.10.11-00.58.37:575][  0]LogConfig: Setting CVar [[r.EyeAdaptationQuality:2]]
[2020.10.11-00.58.37:575][  0]LogConfig: Setting CVar [[r.BloomQuality:5]]
[2020.10.11-00.58.37:575][  0]LogConfig: Setting CVar [[r.FastBlurThreshold:100]]
[2020.10.11-00.58.37:575][  0]LogConfig: Setting CVar [[r.Upscale.Quality:3]]
[2020.10.11-00.58.37:576][  0]LogConfig: Setting CVar [[r.Tonemapper.GrainQuantization:1]]
[2020.10.11-00.58.37:576][  0]LogConfig: Setting CVar [[r.LightShaftQuality:1]]
[2020.10.11-00.58.37:576][  0]LogConfig: Setting CVar [[r.Filter.SizeScale:1]]
[2020.10.11-00.58.37:576][  0]LogConfig: Setting CVar [[r.Tonemapper.Quality:5]]
[2020.10.11-00.58.37:576][  0]LogConfig: Setting CVar [[r.DOF.Gather.AccumulatorQuality:1        ; higher gathering accumulator quality]]
[2020.10.11-00.58.37:576][  0]LogConfig: Setting CVar [[r.DOF.Gather.PostfilterMethod:1          ; Median3x3 postfilering method]]
[2020.10.11-00.58.37:576][  0]LogConfig: Setting CVar [[r.DOF.Gather.EnableBokehSettings:0       ; no bokeh simulation when gathering]]
[2020.10.11-00.58.37:576][  0]LogConfig: Setting CVar [[r.DOF.Gather.RingCount:4                 ; medium number of samples when gathering]]
[2020.10.11-00.58.37:576][  0]LogConfig: Setting CVar [[r.DOF.Scatter.ForegroundCompositing:1    ; additive foreground scattering]]
[2020.10.11-00.58.37:576][  0]LogConfig: Setting CVar [[r.DOF.Scatter.BackgroundCompositing:2    ; additive background scattering]]
[2020.10.11-00.58.37:576][  0]LogConfig: Setting CVar [[r.DOF.Scatter.EnableBokehSettings:1      ; bokeh simulation when scattering]]
[2020.10.11-00.58.37:576][  0]LogConfig: Setting CVar [[r.DOF.Scatter.MaxSpriteRatio:0.1         ; only a maximum of 10% of scattered bokeh]]
[2020.10.11-00.58.37:576][  0]LogConfig: Setting CVar [[r.DOF.Recombine.Quality:1                ; cheap slight out of focus]]
[2020.10.11-00.58.37:576][  0]LogConfig: Setting CVar [[r.DOF.Recombine.EnableBokehSettings:0    ; no bokeh simulation on slight out of focus]]
[2020.10.11-00.58.37:576][  0]LogConfig: Setting CVar [[r.DOF.TemporalAAQuality:1                ; more stable temporal accumulation]]
[2020.10.11-00.58.37:576][  0]LogConfig: Setting CVar [[r.DOF.Kernel.MaxForegroundRadius:0.025]]
[2020.10.11-00.58.37:576][  0]LogConfig: Setting CVar [[r.DOF.Kernel.MaxBackgroundRadius:0.025]]
[2020.10.11-00.58.37:576][  0]LogConfig: Applying CVar settings from Section [TextureQuality@3] File [D:/Rivas_TicTakToe/TicTacToe-main/TTT/Saved/Config/Windows/Scalability.ini]
[2020.10.11-00.58.37:576][  0]LogConfig: Setting CVar [[r.Streaming.MipBias:0]]
[2020.10.11-00.58.37:576][  0]LogConfig: Setting CVar [[r.Streaming.AmortizeCPUToGPUCopy:0]]
[2020.10.11-00.58.37:576][  0]LogConfig: Setting CVar [[r.Streaming.MaxNumTexturesToStreamPerFrame:0]]
[2020.10.11-00.58.37:576][  0]LogConfig: Setting CVar [[r.Streaming.Boost:1]]
[2020.10.11-00.58.37:576][  0]LogConfig: Setting CVar [[r.MaxAnisotropy:8]]
[2020.10.11-00.58.37:576][  0]LogConfig: Setting CVar [[r.VT.MaxAnisotropy:8]]
[2020.10.11-00.58.37:576][  0]LogConfig: Setting CVar [[r.Streaming.LimitPoolSizeToVRAM:0]]
[2020.10.11-00.58.37:576][  0]LogConfig: Setting CVar [[r.Streaming.PoolSize:1000]]
[2020.10.11-00.58.37:576][  0]LogConfig: Setting CVar [[r.Streaming.MaxEffectiveScreenSize:0]]
[2020.10.11-00.58.37:576][  0]LogConfig: Applying CVar settings from Section [EffectsQuality@3] File [D:/Rivas_TicTakToe/TicTacToe-main/TTT/Saved/Config/Windows/Scalability.ini]
[2020.10.11-00.58.37:576][  0]LogConfig: Setting CVar [[r.TranslucencyLightingVolumeDim:64]]
[2020.10.11-00.58.37:576][  0]LogConfig: Setting CVar [[r.RefractionQuality:2]]
[2020.10.11-00.58.37:577][  0]LogConfig: Setting CVar [[r.SSR.Quality:3]]
[2020.10.11-00.58.37:577][  0]LogConfig: Setting CVar [[r.SSR.HalfResSceneColor:0]]
[2020.10.11-00.58.37:577][  0]LogConfig: Setting CVar [[r.SceneColorFormat:4]]
[2020.10.11-00.58.37:577][  0]LogConfig: Setting CVar [[r.DetailMode:2]]
[2020.10.11-00.58.37:577][  0]LogConfig: Setting CVar [[r.TranslucencyVolumeBlur:1]]
[2020.10.11-00.58.37:577][  0]LogConfig: Setting CVar [[r.MaterialQualityLevel:1 ; High quality]]
[2020.10.11-00.58.37:577][  0]LogConfig: Setting CVar [[r.SSS.Scale:1]]
[2020.10.11-00.58.37:577][  0]LogConfig: Setting CVar [[r.SSS.SampleSet:2]]
[2020.10.11-00.58.37:577][  0]LogConfig: Setting CVar [[r.SSS.Quality:1]]
[2020.10.11-00.58.37:577][  0]LogConfig: Setting CVar [[r.SSS.HalfRes:0]]
[2020.10.11-00.58.37:577][  0]LogConfig: Setting CVar [[r.SSGI.Quality:3]]
[2020.10.11-00.58.37:577][  0]LogConfig: Setting CVar [[r.EmitterSpawnRateScale:1.0]]
[2020.10.11-00.58.37:577][  0]LogConfig: Setting CVar [[r.ParticleLightQuality:2]]
[2020.10.11-00.58.37:577][  0]LogConfig: Setting CVar [[r.SkyAtmosphere.AerialPerspectiveLUT.FastApplyOnOpaque:1 ; Always have FastSkyLUT 1 in this case to avoid wrong sky]]
[2020.10.11-00.58.37:577][  0]LogConfig: Setting CVar [[r.SkyAtmosphere.AerialPerspectiveLUT.SampleCountPerSlice:1]]
[2020.10.11-00.58.37:577][  0]LogConfig: Setting CVar [[r.SkyAtmosphere.AerialPerspectiveLUT.DepthResolution:16.0]]
[2020.10.11-00.58.37:577][  0]LogConfig: Setting CVar [[r.SkyAtmosphere.FastSkyLUT:1]]
[2020.10.11-00.58.37:577][  0]LogConfig: Setting CVar [[r.SkyAtmosphere.FastSkyLUT.SampleCountMin:4.0]]
[2020.10.11-00.58.37:577][  0]LogConfig: Setting CVar [[r.SkyAtmosphere.FastSkyLUT.SampleCountMax:32.0]]
[2020.10.11-00.58.37:577][  0]LogConfig: Setting CVar [[r.SkyAtmosphere.SampleCountMin:4.0]]
[2020.10.11-00.58.37:577][  0]LogConfig: Setting CVar [[r.SkyAtmosphere.SampleCountMax:32.0]]
[2020.10.11-00.58.37:577][  0]LogConfig: Setting CVar [[r.SkyAtmosphere.TransmittanceLUT.UseSmallFormat:0]]
[2020.10.11-00.58.37:577][  0]LogConfig: Setting CVar [[r.SkyAtmosphere.TransmittanceLUT.SampleCount:10.0]]
[2020.10.11-00.58.37:577][  0]LogConfig: Setting CVar [[r.SkyAtmosphere.MultiScatteringLUT.SampleCount:15.0]]
[2020.10.11-00.58.37:577][  0]LogConfig: Applying CVar settings from Section [FoliageQuality@3] File [D:/Rivas_TicTakToe/TicTacToe-main/TTT/Saved/Config/Windows/Scalability.ini]
[2020.10.11-00.58.37:577][  0]LogConfig: Setting CVar [[foliage.DensityScale:1.0]]
[2020.10.11-00.58.37:577][  0]LogConfig: Setting CVar [[grass.DensityScale:1.0]]
[2020.10.11-00.58.37:577][  0]LogConfig: Applying CVar settings from Section [ShadingQuality@3] File [D:/Rivas_TicTakToe/TicTacToe-main/TTT/Saved/Config/Windows/Scalability.ini]
[2020.10.11-00.58.37:577][  0]LogConfig: Setting CVar [[r.HairStrands.SkyLighting.SampleCount:16]]
[2020.10.11-00.58.37:578][  0]LogConfig: Setting CVar [[r.HairStrands.SkyLighting.JitterIntegration:0]]
[2020.10.11-00.58.37:578][  0]LogConfig: Setting CVar [[r.HairStrands.SkyAO.SampleCount:16]]
[2020.10.11-00.58.37:578][  0]LogConfig: Setting CVar [[r.HairStrands.DeepShadow.SuperSampling:0]]
[2020.10.11-00.58.37:578][  0]LogConfig: Setting CVar [[r.HairStrands.VisibilityPPLL:0]]
[2020.10.11-00.58.37:578][  0]LogConfig: Setting CVar [[r.HairStrands.RasterizationScale:0.5]]
[2020.10.11-00.58.37:578][  0]LogConfig: Setting CVar [[r.HairStrands.VelocityRasterizationScale:1]]
[2020.10.11-00.58.37:578][  0]LogInit: Selected Device Profile: [Windows]
[2020.10.11-00.58.37:578][  0]LogInit: Applying CVar settings loaded from the selected device profile: [Windows]
[2020.10.11-00.58.37:588][  0]LogHAL: Display: Platform has ~ 4 GB [4092243968 / 4294967296 / 4], which maps to Smallest [LargestMinGB=32, LargerMinGB=12, DefaultMinGB=8, SmallerMinGB=6, SmallestMinGB=0)
[2020.10.11-00.58.37:588][  0]LogInit: Going up to parent DeviceProfile []
[2020.10.11-00.58.37:588][  0]LogConfig: Applying CVar settings from Section [ViewDistanceQuality@3] File [D:/Rivas_TicTakToe/TicTacToe-main/TTT/Saved/Config/Windows/Scalability.ini]
[2020.10.11-00.58.37:589][  0]LogConfig: Setting CVar [[r.SkeletalMeshLODBias:0]]
[2020.10.11-00.58.37:589][  0]LogConfig: Setting CVar [[r.ViewDistanceScale:1.0]]
[2020.10.11-00.58.37:589][  0]LogConfig: Applying CVar settings from Section [AntiAliasingQuality@3] File [D:/Rivas_TicTakToe/TicTacToe-main/TTT/Saved/Config/Windows/Scalability.ini]
[2020.10.11-00.58.37:589][  0]LogConfig: Setting CVar [[r.PostProcessAAQuality:4]]
[2020.10.11-00.58.37:589][  0]LogConfig: Applying CVar settings from Section [ShadowQuality@3] File [D:/Rivas_TicTakToe/TicTacToe-main/TTT/Saved/Config/Windows/Scalability.ini]
[2020.10.11-00.58.37:589][  0]LogConfig: Setting CVar [[r.LightFunctionQuality:1]]
[2020.10.11-00.58.37:589][  0]LogConfig: Setting CVar [[r.ShadowQuality:5]]
[2020.10.11-00.58.37:589][  0]LogConfig: Setting CVar [[r.Shadow.CSM.MaxCascades:10]]
[2020.10.11-00.58.37:589][  0]LogConfig: Setting CVar [[r.Shadow.MaxResolution:2048]]
[2020.10.11-00.58.37:589][  0]LogConfig: Setting CVar [[r.Shadow.MaxCSMResolution:2048]]
[2020.10.11-00.58.37:589][  0]LogConfig: Setting CVar [[r.Shadow.RadiusThreshold:0.01]]
[2020.10.11-00.58.37:589][  0]LogConfig: Setting CVar [[r.Shadow.DistanceScale:1.0]]
[2020.10.11-00.58.37:589][  0]LogConfig: Setting CVar [[r.Shadow.CSM.TransitionScale:1.0]]
[2020.10.11-00.58.37:589][  0]LogConfig: Setting CVar [[r.Shadow.PreShadowResolutionFactor:1.0]]
[2020.10.11-00.58.37:589][  0]LogConfig: Setting CVar [[r.DistanceFieldShadowing:1]]
[2020.10.11-00.58.37:589][  0]LogConfig: Setting CVar [[r.DistanceFieldAO:1]]
[2020.10.11-00.58.37:589][  0]LogConfig: Setting CVar [[r.AOQuality:2]]
[2020.10.11-00.58.37:589][  0]LogConfig: Setting CVar [[r.VolumetricFog:1]]
[2020.10.11-00.58.37:589][  0]LogConfig: Setting CVar [[r.VolumetricFog.GridPixelSize:8]]
[2020.10.11-00.58.37:589][  0]LogConfig: Setting CVar [[r.VolumetricFog.GridSizeZ:128]]
[2020.10.11-00.58.37:589][  0]LogConfig: Setting CVar [[r.VolumetricFog.HistoryMissSupersampleCount:4]]
[2020.10.11-00.58.37:589][  0]LogConfig: Setting CVar [[r.LightMaxDrawDistanceScale:1]]
[2020.10.11-00.58.37:589][  0]LogConfig: Setting CVar [[r.CapsuleShadows:1]]
[2020.10.11-00.58.37:589][  0]LogConfig: Applying CVar settings from Section [PostProcessQuality@3] File [D:/Rivas_TicTakToe/TicTacToe-main/TTT/Saved/Config/Windows/Scalability.ini]
[2020.10.11-00.58.37:589][  0]LogConfig: Setting CVar [[r.MotionBlurQuality:4]]
[2020.10.11-00.58.37:589][  0]LogConfig: Setting CVar [[r.AmbientOcclusionMipLevelFactor:0.4]]
[2020.10.11-00.58.37:589][  0]LogConfig: Setting CVar [[r.AmbientOcclusionMaxQuality:100]]
[2020.10.11-00.58.37:589][  0]LogConfig: Setting CVar [[r.AmbientOcclusionLevels:-1]]
[2020.10.11-00.58.37:589][  0]LogConfig: Setting CVar [[r.AmbientOcclusionRadiusScale:1.0]]
[2020.10.11-00.58.37:589][  0]LogConfig: Setting CVar [[r.DepthOfFieldQuality:2]]
[2020.10.11-00.58.37:590][  0]LogConfig: Setting CVar [[r.RenderTargetPoolMin:400]]
[2020.10.11-00.58.37:590][  0]LogConfig: Setting CVar [[r.LensFlareQuality:2]]
[2020.10.11-00.58.37:590][  0]LogConfig: Setting CVar [[r.SceneColorFringeQuality:1]]
[2020.10.11-00.58.37:590][  0]LogConfig: Setting CVar [[r.EyeAdaptationQuality:2]]
[2020.10.11-00.58.37:590][  0]LogConfig: Setting CVar [[r.BloomQuality:5]]
[2020.10.11-00.58.37:590][  0]LogConfig: Setting CVar [[r.FastBlurThreshold:100]]
[2020.10.11-00.58.37:590][  0]LogConfig: Setting CVar [[r.Upscale.Quality:3]]
[2020.10.11-00.58.37:590][  0]LogConfig: Setting CVar [[r.Tonemapper.GrainQuantization:1]]
[2020.10.11-00.58.37:590][  0]LogConfig: Setting CVar [[r.LightShaftQuality:1]]
[2020.10.11-00.58.37:590][  0]LogConfig: Setting CVar [[r.Filter.SizeScale:1]]
[2020.10.11-00.58.37:590][  0]LogConfig: Setting CVar [[r.Tonemapper.Quality:5]]
[2020.10.11-00.58.37:590][  0]LogConfig: Setting CVar [[r.DOF.Gather.AccumulatorQuality:1        ; higher gathering accumulator quality]]
[2020.10.11-00.58.37:590][  0]LogConfig: Setting CVar [[r.DOF.Gather.PostfilterMethod:1          ; Median3x3 postfilering method]]
[2020.10.11-00.58.37:590][  0]LogConfig: Setting CVar [[r.DOF.Gather.EnableBokehSettings:0       ; no bokeh simulation when gathering]]
[2020.10.11-00.58.37:590][  0]LogConfig: Setting CVar [[r.DOF.Gather.RingCount:4                 ; medium number of samples when gathering]]
[2020.10.11-00.58.37:590][  0]LogConfig: Setting CVar [[r.DOF.Scatter.ForegroundCompositing:1    ; additive foreground scattering]]
[2020.10.11-00.58.37:590][  0]LogConfig: Setting CVar [[r.DOF.Scatter.BackgroundCompositing:2    ; additive background scattering]]
[2020.10.11-00.58.37:590][  0]LogConfig: Setting CVar [[r.DOF.Scatter.EnableBokehSettings:1      ; bokeh simulation when scattering]]
[2020.10.11-00.58.37:590][  0]LogConfig: Setting CVar [[r.DOF.Scatter.MaxSpriteRatio:0.1         ; only a maximum of 10% of scattered bokeh]]
[2020.10.11-00.58.37:590][  0]LogConfig: Setting CVar [[r.DOF.Recombine.Quality:1                ; cheap slight out of focus]]
[2020.10.11-00.58.37:590][  0]LogConfig: Setting CVar [[r.DOF.Recombine.EnableBokehSettings:0    ; no bokeh simulation on slight out of focus]]
[2020.10.11-00.58.37:590][  0]LogConfig: Setting CVar [[r.DOF.TemporalAAQuality:1                ; more stable temporal accumulation]]
[2020.10.11-00.58.37:590][  0]LogConfig: Setting CVar [[r.DOF.Kernel.MaxForegroundRadius:0.025]]
[2020.10.11-00.58.37:590][  0]LogConfig: Setting CVar [[r.DOF.Kernel.MaxBackgroundRadius:0.025]]
[2020.10.11-00.58.37:590][  0]LogConfig: Applying CVar settings from Section [TextureQuality@3] File [D:/Rivas_TicTakToe/TicTacToe-main/TTT/Saved/Config/Windows/Scalability.ini]
[2020.10.11-00.58.37:590][  0]LogConfig: Setting CVar [[r.Streaming.MipBias:0]]
[2020.10.11-00.58.37:590][  0]LogConfig: Setting CVar [[r.Streaming.AmortizeCPUToGPUCopy:0]]
[2020.10.11-00.58.37:590][  0]LogConfig: Setting CVar [[r.Streaming.MaxNumTexturesToStreamPerFrame:0]]
[2020.10.11-00.58.37:590][  0]LogConfig: Setting CVar [[r.Streaming.Boost:1]]
[2020.10.11-00.58.37:590][  0]LogConfig: Setting CVar [[r.MaxAnisotropy:8]]
[2020.10.11-00.58.37:591][  0]LogConfig: Setting CVar [[r.VT.MaxAnisotropy:8]]
[2020.10.11-00.58.37:591][  0]LogConfig: Setting CVar [[r.Streaming.LimitPoolSizeToVRAM:0]]
[2020.10.11-00.58.37:591][  0]LogConfig: Setting CVar [[r.Streaming.PoolSize:1000]]
[2020.10.11-00.58.37:591][  0]LogConfig: Setting CVar [[r.Streaming.MaxEffectiveScreenSize:0]]
[2020.10.11-00.58.37:591][  0]LogConfig: Applying CVar settings from Section [EffectsQuality@3] File [D:/Rivas_TicTakToe/TicTacToe-main/TTT/Saved/Config/Windows/Scalability.ini]
[2020.10.11-00.58.37:591][  0]LogConfig: Setting CVar [[r.TranslucencyLightingVolumeDim:64]]
[2020.10.11-00.58.37:591][  0]LogConfig: Setting CVar [[r.RefractionQuality:2]]
[2020.10.11-00.58.37:591][  0]LogConfig: Setting CVar [[r.SSR.Quality:3]]
[2020.10.11-00.58.37:591][  0]LogConfig: Setting CVar [[r.SSR.HalfResSceneColor:0]]
[2020.10.11-00.58.37:591][  0]LogConfig: Setting CVar [[r.SceneColorFormat:4]]
[2020.10.11-00.58.37:591][  0]LogConfig: Setting CVar [[r.DetailMode:2]]
[2020.10.11-00.58.37:591][  0]LogConfig: Setting CVar [[r.TranslucencyVolumeBlur:1]]
[2020.10.11-00.58.37:591][  0]LogConfig: Setting CVar [[r.MaterialQualityLevel:1 ; High quality]]
[2020.10.11-00.58.37:591][  0]LogConfig: Setting CVar [[r.SSS.Scale:1]]
[2020.10.11-00.58.37:591][  0]LogConfig: Setting CVar [[r.SSS.SampleSet:2]]
[2020.10.11-00.58.37:591][  0]LogConfig: Setting CVar [[r.SSS.Quality:1]]
[2020.10.11-00.58.37:591][  0]LogConfig: Setting CVar [[r.SSS.HalfRes:0]]
[2020.10.11-00.58.37:591][  0]LogConfig: Setting CVar [[r.SSGI.Quality:3]]
[2020.10.11-00.58.37:591][  0]LogConfig: Setting CVar [[r.EmitterSpawnRateScale:1.0]]
[2020.10.11-00.58.37:591][  0]LogConfig: Setting CVar [[r.ParticleLightQuality:2]]
[2020.10.11-00.58.37:591][  0]LogConfig: Setting CVar [[r.SkyAtmosphere.AerialPerspectiveLUT.FastApplyOnOpaque:1 ; Always have FastSkyLUT 1 in this case to avoid wrong sky]]
[2020.10.11-00.58.37:591][  0]LogConfig: Setting CVar [[r.SkyAtmosphere.AerialPerspectiveLUT.SampleCountPerSlice:1]]
[2020.10.11-00.58.37:591][  0]LogConfig: Setting CVar [[r.SkyAtmosphere.AerialPerspectiveLUT.DepthResolution:16.0]]
[2020.10.11-00.58.37:591][  0]LogConfig: Setting CVar [[r.SkyAtmosphere.FastSkyLUT:1]]
[2020.10.11-00.58.37:591][  0]LogConfig: Setting CVar [[r.SkyAtmosphere.FastSkyLUT.SampleCountMin:4.0]]
[2020.10.11-00.58.37:591][  0]LogConfig: Setting CVar [[r.SkyAtmosphere.FastSkyLUT.SampleCountMax:32.0]]
[2020.10.11-00.58.37:591][  0]LogConfig: Setting CVar [[r.SkyAtmosphere.SampleCountMin:4.0]]
[2020.10.11-00.58.37:591][  0]LogConfig: Setting CVar [[r.SkyAtmosphere.SampleCountMax:32.0]]
[2020.10.11-00.58.37:591][  0]LogConfig: Setting CVar [[r.SkyAtmosphere.TransmittanceLUT.UseSmallFormat:0]]
[2020.10.11-00.58.37:592][  0]LogConfig: Setting CVar [[r.SkyAtmosphere.TransmittanceLUT.SampleCount:10.0]]
[2020.10.11-00.58.37:592][  0]LogConfig: Setting CVar [[r.SkyAtmosphere.MultiScatteringLUT.SampleCount:15.0]]
[2020.10.11-00.58.37:592][  0]LogConfig: Applying CVar settings from Section [FoliageQuality@3] File [D:/Rivas_TicTakToe/TicTacToe-main/TTT/Saved/Config/Windows/Scalability.ini]
[2020.10.11-00.58.37:592][  0]LogConfig: Setting CVar [[foliage.DensityScale:1.0]]
[2020.10.11-00.58.37:592][  0]LogConfig: Setting CVar [[grass.DensityScale:1.0]]
[2020.10.11-00.58.37:592][  0]LogConfig: Applying CVar settings from Section [ShadingQuality@3] File [D:/Rivas_TicTakToe/TicTacToe-main/TTT/Saved/Config/Windows/Scalability.ini]
[2020.10.11-00.58.37:592][  0]LogConfig: Setting CVar [[r.HairStrands.SkyLighting.SampleCount:16]]
[2020.10.11-00.58.37:592][  0]LogConfig: Setting CVar [[r.HairStrands.SkyLighting.JitterIntegration:0]]
[2020.10.11-00.58.37:592][  0]LogConfig: Setting CVar [[r.HairStrands.SkyAO.SampleCount:16]]
[2020.10.11-00.58.37:592][  0]LogConfig: Setting CVar [[r.HairStrands.DeepShadow.SuperSampling:0]]
[2020.10.11-00.58.37:592][  0]LogConfig: Setting CVar [[r.HairStrands.VisibilityPPLL:0]]
[2020.10.11-00.58.37:592][  0]LogConfig: Setting CVar [[r.HairStrands.RasterizationScale:0.5]]
[2020.10.11-00.58.37:592][  0]LogConfig: Setting CVar [[r.HairStrands.VelocityRasterizationScale:1]]
[2020.10.11-00.58.37:592][  0]LogConfig: Applying CVar settings from Section [Startup] File [../../../Engine/Config/ConsoleVariables.ini]
[2020.10.11-00.58.37:612][  0]LogConfig: Setting CVar [[net.UseAdaptiveNetUpdateFrequency:0]]
[2020.10.11-00.58.37:612][  0]LogConfig: Setting CVar [[p.chaos.AllowCreatePhysxBodies:1]]
[2020.10.11-00.58.37:612][  0]LogConfig: Setting CVar [[fx.SkipVectorVMBackendOptimizations:1]]
[2020.10.11-00.58.37:612][  0]LogConfig: Applying CVar settings from Section [ConsoleVariables] File [D:/Rivas_TicTakToe/TicTacToe-main/TTT/Saved/Config/Windows/Engine.ini]
[2020.10.11-00.58.37:612][  0]LogInit: Computer: LAPTOP-70ON009M
[2020.10.11-00.58.37:612][  0]LogInit: User: Abisai
[2020.10.11-00.58.37:612][  0]LogInit: CPU Page size=4096, Cores=4
[2020.10.11-00.58.37:612][  0]LogInit: High frequency timer resolution =10.000000 MHz
[2020.10.11-00.58.37:612][  0]LogMemory: Memory total: Physical=3.8GB (4GB approx)
[2020.10.11-00.58.37:612][  0]LogMemory: Platform Memory Stats for Windows
[2020.10.11-00.58.37:612][  0]LogMemory: Process Physical Memory: 113.86 MB used, 113.86 MB peak
[2020.10.11-00.58.37:612][  0]LogMemory: Process Virtual Memory: 97.07 MB used, 97.07 MB peak
[2020.10.11-00.58.37:612][  0]LogMemory: Physical Memory: 2962.24 MB used,  940.43 MB free, 3902.67 MB total
[2020.10.11-00.58.37:613][  0]LogMemory: Virtual Memory: 5128.85 MB used,  134212600.00 MB free, 134217728.00 MB total
[2020.10.11-00.58.37:620][  0]LogWindows: WindowsPlatformFeatures enabled
[2020.10.11-00.58.37:999][  0]LogInit: Physics initialised using underlying interface: PhysX
[2020.10.11-00.58.38:011][  0]LogInit: Using OS detected language (en-US).
[2020.10.11-00.58.38:011][  0]LogInit: Using OS detected locale (en-US).
[2020.10.11-00.58.38:152][  0]LogTextLocalizationManager: No specific localization for 'en-US' exists, so the 'en' localization will be used.
[2020.10.11-00.58.39:311][  0]LogInit: Setting process to per monitor DPI aware
[2020.10.11-00.58.39:726][  0]LogSlate: New Slate User Created.  User Index 0, Is Virtual User: 0
[2020.10.11-00.58.39:726][  0]LogSlate: Slate User Registered.  User Index 0, Is Virtual User: 0
[2020.10.11-00.58.47:083][  0]LogHMD: Failed to initialize OpenVR with code 110
[2020.10.11-00.58.47:083][  0]LogD3D11RHI: D3D11 min allowed feature level: 11_0
[2020.10.11-00.58.47:083][  0]LogD3D11RHI: D3D11 max allowed feature level: 11_0
[2020.10.11-00.58.47:083][  0]LogD3D11RHI: D3D11 adapters:
[2020.10.11-00.58.47:189][  0]LogD3D11RHI:    0. 'Intel(R) UHD Graphics 605' (Feature Level 11_0)
[2020.10.11-00.58.47:190][  0]LogD3D11RHI:       128/0/1951 MB DedicatedVideo/DedicatedSystem/SharedSystem, Outputs:1, VendorId:0x8086
[2020.10.11-00.58.47:194][  0]LogD3D11RHI:    1. 'Microsoft Basic Render Driver' (Feature Level 11_0)
[2020.10.11-00.58.47:194][  0]LogD3D11RHI:       0/0/1951 MB DedicatedVideo/DedicatedSystem/SharedSystem, Outputs:0, VendorId:0x1414
[2020.10.11-00.58.47:194][  0]LogD3D11RHI: Chosen D3D11 Adapter: 0
[2020.10.11-00.58.47:205][  0]LogD3D11RHI: Creating new Direct3DDevice
[2020.10.11-00.58.47:205][  0]LogD3D11RHI:     GPU DeviceId: 0x3184 (for the marketing name, search the web for "GPU Device Id")
[2020.10.11-00.58.47:205][  0]LogWindows: EnumDisplayDevices:
[2020.10.11-00.58.47:206][  0]LogWindows:    0. 'Intel(R) UHD Graphics 605' (P:1 D:1)
[2020.10.11-00.58.47:206][  0]LogWindows:    1. 'Intel(R) UHD Graphics 605' (P:0 D:0)
[2020.10.11-00.58.47:207][  0]LogWindows:    2. 'Intel(R) UHD Graphics 605' (P:0 D:0)
[2020.10.11-00.58.47:207][  0]LogWindows: DebugString: FoundDriverCount:3 
[2020.10.11-00.58.47:207][  0]LogD3D11RHI:     Adapter Name: Intel(R) UHD Graphics 605
[2020.10.11-00.58.47:207][  0]LogD3D11RHI:   Driver Version: 23.20.16.4927 (internal:23.20.16.4927, unified:23.20.16.4927)
[2020.10.11-00.58.47:207][  0]LogD3D11RHI:      Driver Date: 1-23-2018
[2020.10.11-00.58.47:207][  0]LogRHI: Texture pool is 772 MB (70% of 1103 MB)
[2020.10.11-00.58.47:280][  0]LogD3D11RHI: RHI does not have support for 64 bit atomics
[2020.10.11-00.58.47:280][  0]LogD3D11RHI: Async texture creation enabled
[2020.10.11-00.58.47:280][  0]LogD3D11RHI: Array index from any shader is supported
[2020.10.11-00.58.47:317][  0]LogD3D11RHI: GPU Timing Frequency: 19.200123 (Debug: 2 0)
[2020.10.11-00.58.48:121][  0]LogTargetPlatformManager: Display: Loaded TargetPlatform 'AllDesktop'
[2020.10.11-00.58.48:284][  0]LogTargetPlatformManager: Display: Loaded TargetPlatform 'Android'
[2020.10.11-00.58.48:284][  0]LogTargetPlatformManager: Display: Loaded TargetPlatform 'Android_ASTC'
[2020.10.11-00.58.48:284][  0]LogTargetPlatformManager: Display: Loaded TargetPlatform 'Android_DXT'
[2020.10.11-00.58.48:284][  0]LogTargetPlatformManager: Display: Loaded TargetPlatform 'Android_ETC2'
[2020.10.11-00.58.48:284][  0]LogTargetPlatformManager: Display: Loaded TargetPlatform 'AndroidClient'
[2020.10.11-00.58.48:284][  0]LogTargetPlatformManager: Display: Loaded TargetPlatform 'Android_ASTCClient'
[2020.10.11-00.58.48:284][  0]LogTargetPlatformManager: Display: Loaded TargetPlatform 'Android_DXTClient'
[2020.10.11-00.58.48:284][  0]LogTargetPlatformManager: Display: Loaded TargetPlatform 'Android_ETC2Client'
[2020.10.11-00.58.48:285][  0]LogTargetPlatformManager: Display: Loaded TargetPlatform 'Android_Multi'
[2020.10.11-00.58.48:285][  0]LogTargetPlatformManager: Display: Loaded TargetPlatform 'Android_MultiClient'
[2020.10.11-00.58.48:816][  0]LogTargetPlatformManager: Display: Loaded TargetPlatform 'IOSClient'
[2020.10.11-00.58.48:816][  0]LogTargetPlatformManager: Display: Loaded TargetPlatform 'IOS'
[2020.10.11-00.58.48:887][  0]LogTargetPlatformManager: Display: Loaded TargetPlatform 'Linux'
[2020.10.11-00.58.48:943][  0]LogTargetPlatformManager: Display: Loaded TargetPlatform 'LinuxNoEditor'
[2020.10.11-00.58.48:966][  0]LogTargetPlatformManager: Display: Loaded TargetPlatform 'LinuxClient'
[2020.10.11-00.58.48:991][  0]LogTargetPlatformManager: Display: Loaded TargetPlatform 'LinuxServer'
[2020.10.11-00.58.49:020][  0]LogTargetPlatformManager: Display: Loaded TargetPlatform 'LinuxAArch64NoEditor'
[2020.10.11-00.58.49:046][  0]LogTargetPlatformManager: Display: Loaded TargetPlatform 'LinuxAArch64Client'
[2020.10.11-00.58.49:069][  0]LogTargetPlatformManager: Display: Loaded TargetPlatform 'LinuxAArch64Server'
[2020.10.11-00.58.49:159][  0]LogTargetPlatformManager: Display: Loaded TargetPlatform 'Lumin'
[2020.10.11-00.58.49:159][  0]LogTargetPlatformManager: Display: Loaded TargetPlatform 'LuminClient'
[2020.10.11-00.58.49:200][  0]LogTargetPlatformManager: Display: Loaded TargetPlatform 'TVOSClient'
[2020.10.11-00.58.49:200][  0]LogTargetPlatformManager: Display: Loaded TargetPlatform 'TVOS'
[2020.10.11-00.58.49:235][  0]LogTargetPlatformManager: Display: Loaded TargetPlatform 'WindowsNoEditor'
[2020.10.11-00.58.49:265][  0]LogTargetPlatformManager: Display: Loaded TargetPlatform 'Windows'
[2020.10.11-00.58.49:298][  0]LogTargetPlatformManager: Display: Loaded TargetPlatform 'WindowsClient'
[2020.10.11-00.58.49:320][  0]LogTargetPlatformManager: Display: Loaded TargetPlatform 'WindowsServer'
[2020.10.11-00.58.49:320][  0]LogTargetPlatformManager: Display: Building Assets For Windows
[2020.10.11-00.58.49:424][  0]LogAudioDebug: Display: Lib vorbis DLL was dynamically loaded.
[2020.10.11-00.58.49:977][  0]LogShaderCompilers: Guid format shader working directory is -3 characters bigger than the processId version (../../../../../Rivas_TicTakToe/TicTacToe-main/TTT/Intermediate/Shaders/WorkingDirectory/12400/).
[2020.10.11-00.58.49:978][  0]LogShaderCompilers: Cleaned the shader compiler working directory 'C:/Users/Abisai/AppData/Local/Temp/UnrealShaderWorkingDir/A6DF22B1475E0F60D01ADAB0747120E8/'.
[2020.10.11-00.58.49:993][  0]LogXGEController: Cannot use XGE Controller as Incredibuild is not installed on this machine.
[2020.10.11-00.58.49:993][  0]LogShaderCompilers: Cannot use XGE Shader Compiler as Incredibuild is not installed on this machine.
[2020.10.11-00.58.49:993][  0]LogShaderCompilers: Display: Using Local Shader Compiler.
[2020.10.11-00.59.00:105][  0]LogDerivedDataCache: Display: Max Cache Size: 512 MB
[2020.10.11-00.59.00:497][  0]LogDerivedDataCache: Loaded boot cache 0.39s 76MB C:/Users/Abisai/AppData/Local/UnrealEngine/4.25/DerivedDataCache/Boot.ddc.
[2020.10.11-00.59.00:498][  0]LogDerivedDataCache: Display: Loaded Boot cache: C:/Users/Abisai/AppData/Local/UnrealEngine/4.25/DerivedDataCache/Boot.ddc
[2020.10.11-00.59.00:513][  0]LogDerivedDataCache: FDerivedDataBackendGraph:  Pak pak cache file ../../../../../Rivas_TicTakToe/TicTacToe-main/TTT/DerivedDataCache/DDC.ddp not found, will not use a pak cache.
[2020.10.11-00.59.00:513][  0]LogDerivedDataCache: Unable to find inner node Pak for hierarchical cache Hierarchy.
[2020.10.11-00.59.00:513][  0]LogDerivedDataCache: FDerivedDataBackendGraph:  CompressedPak pak cache file ../../../../../Rivas_TicTakToe/TicTacToe-main/TTT/DerivedDataCache/Compressed.ddp not found, will not use a pak cache.
[2020.10.11-00.59.00:513][  0]LogDerivedDataCache: Unable to find inner node CompressedPak for hierarchical cache Hierarchy.
[2020.10.11-00.59.00:545][  0]LogDerivedDataCache: Display: Pak cache opened for reading ../../../Engine/DerivedDataCache/Compressed.ddp.
[2020.10.11-00.59.00:545][  0]LogDerivedDataCache: FDerivedDataBackendGraph:  EnterprisePak pak cache file ../../../Enterprise/DerivedDataCache/Compressed.ddp not found, will not use a pak cache.
[2020.10.11-00.59.00:545][  0]LogDerivedDataCache: Unable to find inner node EnterprisePak for hierarchical cache Hierarchy.
[2020.10.11-00.59.00:548][  0]LogDerivedDataCache: Using Local data cache path C:/Users/Abisai/AppData/Local/UnrealEngine/Common/DerivedDataCache: Writable
[2020.10.11-00.59.00:549][  0]LogDerivedDataCache: Shared data cache path not found in *engine.ini, will not use an Shared cache.
[2020.10.11-00.59.00:549][  0]LogDerivedDataCache: Unable to find inner node Shared for hierarchical cache Hierarchy.
[2020.10.11-00.59.00:654][  0]LogSlate: Using FreeType 2.10.0
[2020.10.11-00.59.00:725][  0]LogSlate: SlateFontServices - WITH_FREETYPE: 1, WITH_HARFBUZZ: 1
[2020.10.11-00.59.00:856][  0]LogAssetRegistry: FAssetRegistry took 0.0051 seconds to start up
[2020.10.11-00.59.01:936][  0]LogInit: Selected Device Profile: [Windows]
[2020.10.11-00.59.02:672][  0]LogMeshReduction: Using QuadricMeshReduction for automatic static mesh reduction
[2020.10.11-00.59.02:673][  0]LogMeshReduction: Using SimplygonMeshReduction for automatic skeletal mesh reduction
[2020.10.11-00.59.02:673][  0]LogMeshReduction: Using ProxyLODMeshReduction for automatic mesh merging
[2020.10.11-00.59.02:673][  0]LogMeshReduction: No distributed automatic mesh merging module available
[2020.10.11-00.59.02:673][  0]LogMeshMerging: No distributed automatic mesh merging module available
[2020.10.11-00.59.02:708][  0]LogNetVersion: TTT 1.0.0, NetCL: 13144385, EngineNetVer: 14, GameNetVer: 0 (Checksum: 405535175)
[2020.10.11-00.59.10:401][  0]LogAISub: UAISubsystem::UAISubsystem AISubsystem (000002C8D2726680), frame # 0
[2020.10.11-00.59.10:401][  0]LogAISub: UAISubsystem::UAISubsystem AIPerceptionSystem (000002C8D64FAAC0), frame # 0
[2020.10.11-00.59.10:414][  0]LogAISub: UAISubsystem::UAISubsystem EnvQueryManager (000002C8D6642A00), frame # 0
[2020.10.11-00.59.11:148][  0]LogPackageLocalizationCache: Processed 19 localized package path(s) for 1 prioritized culture(s) in 0.721266 seconds
[2020.10.11-00.59.11:179][  0]LogUObjectArray: 15917 objects as part of root set at end of initial load.
[2020.10.11-00.59.11:179][  0]LogUObjectAllocator: 3965568 out of 0 bytes used by permanent object pool.
[2020.10.11-00.59.11:179][  0]LogUObjectArray: CloseDisregardForGC: 0/0 objects in disregard for GC pool
[2020.10.11-00.59.14:638][  0]LogTcpMessaging: Initializing TcpMessaging bridge
[2020.10.11-00.59.14:759][  0]LogUdpMessaging: Initializing bridge on interface 0.0.0.0:0 to multicast group 230.0.0.1:6666.
[2020.10.11-00.59.15:728][  0]SourceControl: Source control is disabled
[2020.10.11-00.59.15:728][  0]SourceControl: Source control is disabled
[2020.10.11-00.59.15:811][  0]SourceControl: Source control is disabled
[2020.10.11-00.59.15:903][  0]SourceControl: Source control is disabled
[2020.10.11-00.59.15:962][  0]SourceControl: Source control is disabled
[2020.10.11-00.59.18:512][  0]LogAndroidPermission: UAndroidPermissionCallbackProxy::GetInstance
[2020.10.11-00.59.18:736][  0]LogAudioCaptureCore: Display: No Audio Capture implementations found. Audio input will be silent.
[2020.10.11-00.59.18:736][  0]LogAudioCaptureCore: Display: No Audio Capture implementations found. Audio input will be silent.
[2020.10.11-00.59.19:166][  0]LogOcInput: OculusInput pre-init called
[2020.10.11-00.59.19:314][  0]LogWindows: Failed to load 'OVRPlugin.dll' (GetLastError=126)
[2020.10.11-00.59.19:316][  0]LogWindows: File 'OVRPlugin.dll' does not exist
[2020.10.11-00.59.19:952][  0]LogEngine: Initializing Engine...
[2020.10.11-00.59.20:073][  0]LogHMD: Failed to initialize OpenVR with code 110
[2020.10.11-00.59.20:086][  0]LogMagicLeap: Warning: VR disabled because ZI is not enabled.  To enable, in the editor, Edit -> Project Settings -> Plugins -> Magic Leap Plugin -> Enable Zero Iteration
[2020.10.11-00.59.20:091][  0]LogStats: UGameplayTagsManager::InitializeManager -  0.001 s
[2020.10.11-00.59.20:611][  0]LogInit: Initializing FReadOnlyCVARCache
[2020.10.11-00.59.21:040][  0]LogAIModule: Creating AISystem for world Untitled
[2020.10.11-00.59.21:040][  0]LogAISub: UAISubsystem::UAISubsystem EnvQueryManager (000002C8DAB9DC00), frame # 0
[2020.10.11-00.59.21:040][  0]LogAISub: UAISubsystem::UAISubsystem AIPerceptionSystem (000002C8DAB83B00), frame # 0
[2020.10.11-00.59.21:793][  0]LogAudioMixer: Display: Audio Mixer Platform Settings:
[2020.10.11-00.59.21:794][  0]LogAudioMixer: Display: 	Sample Rate:						  48000
[2020.10.11-00.59.21:794][  0]LogAudioMixer: Display: 	Callback Buffer Frame Size Requested: 1024
[2020.10.11-00.59.21:794][  0]LogAudioMixer: Display: 	Callback Buffer Frame Size To Use:	  1024
[2020.10.11-00.59.21:794][  0]LogAudioMixer: Display: 	Number of buffers to queue:			  2
[2020.10.11-00.59.21:794][  0]LogAudioMixer: Display: 	Max Channels (voices):				  32
[2020.10.11-00.59.21:794][  0]LogAudioMixer: Display: 	Number of Async Source Workers:		  0
[2020.10.11-00.59.21:795][  0]LogAudio: Display: AudioDevice MaxSources: 32
[2020.10.11-00.59.21:827][  0]LogAudio: Display: Using built-in audio occlusion.
[2020.10.11-00.59.21:828][  0]LogAudioMixer: Display: Initializing audio mixer.
[2020.10.11-00.59.22:477][  0]LogAudioMixer: Display: 0: FrontLeft
[2020.10.11-00.59.22:477][  0]LogAudioMixer: Display: 1: FrontRight
[2020.10.11-00.59.22:818][  0]LogAudioMixer: Display: Using Audio Device Speakers (Realtek High Definition Audio(SST))
[2020.10.11-00.59.22:862][  0]LogAudioMixer: Display: Initializing Sound Submixes...
[2020.10.11-00.59.23:071][  0]LogAudioMixer: Display: Creating Master Submix 'MasterSubmixDefault'
[2020.10.11-00.59.23:072][  0]LogAudioMixer: Display: Creating Master Submix 'MasterReverbSubmixDefault'
[2020.10.11-00.59.23:101][  0]LogAudioMixer: Display: Creating Master Submix 'MasterEQSubmixDefault'
[2020.10.11-00.59.23:106][  0]LogInit: FAudioDevice initialized.
[2020.10.11-00.59.23:108][  0]LogNetVersion: Set ProjectVersion to 1.0.0.0. Version Checksum will be recalculated on next use.
[2020.10.11-00.59.23:597][  0]LogDerivedDataCache: Saved boot cache 0.48s 76MB C:/Users/Abisai/AppData/Local/UnrealEngine/4.25/DerivedDataCache/Boot.ddc.
[2020.10.11-00.59.23:620][  0]LogInit: Texture streaming: Enabled
[2020.10.11-00.59.24:175][  0]LogEngineSessionManager: EngineSessionManager initialized
[2020.10.11-00.59.24:175][  0]LogEditorSessionSummary: Verbose: Initializing EditorSessionSummaryWriter for editor session tracking
[2020.10.11-00.59.24:221][  0]LogEditorSessionSummary: EditorSessionSummaryWriter initialized
[2020.10.11-00.59.25:303][  0]LogInit: Transaction tracking system initialized
[2020.10.11-00.59.26:041][  0]BlueprintLog: New page: Editor Load
[2020.10.11-00.59.28:777][  0]LocalizationService: Localization service is disabled
[2020.10.11-00.59.35:005][  0]LogFileCache: Scanning file cache for directory 'D:/Rivas_TicTakToe/TicTacToe-main/TTT/Content/' took 0.07s
[2020.10.11-00.59.35:005][  0]LogCook: Display: Max memory allowance for cook 16384mb min free memory 0mb
[2020.10.11-00.59.35:007][  0]LogCook: Display: Mobile HDR setting 1
[2020.10.11-00.59.41:279][  0]SourceControl: Source control is disabled
[2020.10.11-00.59.41:292][  0]LogUnrealEdMisc: Loading editor; pre map load, took 97.823
[2020.10.11-00.59.41:310][  0]Cmd: MAP LOAD FILE="../../../../../Rivas_TicTakToe/TicTacToe-main/TTT/Content/game.umap" TEMPLATE=0 SHOWPROGRESS=1 FEATURELEVEL=3
[2020.10.11-00.59.41:327][  0]LightingResults: New page: Lighting Build
[2020.10.11-00.59.41:561][  0]LogWorld: UWorld::CleanupWorld for Untitled, bSessionEnded=true, bCleanupResources=true
[2020.10.11-00.59.41:586][  0]LogSlate: InvalidateAllWidgets triggered.  All widgets were invalidated
[2020.10.11-00.59.41:603][  0]MapCheck: New page: Map Check
[2020.10.11-00.59.41:604][  0]LightingResults: New page: Lighting Build
[2020.10.11-00.59.42:011][  0]LogAISub: UAISubsystem::~UAISubsystem EnvQueryManager (000002C8DAB9DC00), frame # 0
[2020.10.11-00.59.42:011][  0]LogAISub: UAISubsystem::~UAISubsystem AIPerceptionSystem (000002C8DAB83B00), frame # 0
[2020.10.11-00.59.42:020][  0]LogUObjectHash: Compacting FUObjectHashTables data took   5.56ms
[2020.10.11-00.59.44:142][  0]LogAIModule: Creating AISystem for world game
[2020.10.11-00.59.44:142][  0]LogAISub: UAISubsystem::UAISubsystem EnvQueryManager (000002C8CBFBFE00), frame # 0
[2020.10.11-00.59.44:143][  0]LogAISub: UAISubsystem::UAISubsystem AIPerceptionSystem (000002C8CC06CF40), frame # 0
[2020.10.11-00.59.44:479][  0]LogEditorServer: Finished looking for orphan Actors (0.000 secs)
[2020.10.11-00.59.44:786][  0]LogUObjectHash: Compacting FUObjectHashTables data took   2.27ms
[2020.10.11-00.59.44:795][  0]Cmd: MAP CHECKDEP NOCLEARLOG
[2020.10.11-00.59.44:796][  0]MapCheck: Map check complete: 0 Error(s), 0 Warning(s), took 1.382ms to complete.
[2020.10.11-00.59.44:797][  0]LogFileHelpers: Loading map 'game' took 3.495
[2020.10.11-00.59.45:446][  0]LogUnrealEdMisc: Total Editor Startup Time, took 101.977
[2020.10.11-00.59.46:885][  0]LogSlate: Updating window title bar state: overlay mode, drag disabled, window buttons hidden, title bar hidden
[2020.10.11-00.59.46:937][  0]LogSlate: Updating window title bar state: overlay mode, drag disabled, window buttons hidden, title bar hidden
[2020.10.11-00.59.46:956][  0]LogSlate: Updating window title bar state: overlay mode, drag disabled, window buttons hidden, title bar hidden
[2020.10.11-00.59.46:974][  0]LogSlate: Updating window title bar state: overlay mode, drag disabled, window buttons hidden, title bar hidden
[2020.10.11-00.59.47:269][  0]LogCollectionManager: Loaded 0 collections in 0.026464 seconds
[2020.10.11-00.59.47:639][  0]LogFileCache: Scanning file cache for directory 'D:/Rivas_TicTakToe/TicTacToe-main/TTT/Saved/Collections/' took 0.01s
[2020.10.11-00.59.47:639][  0]LogFileCache: Scanning file cache for directory 'D:/Rivas_TicTakToe/TicTacToe-main/TTT/Content/Developers/Abisai/Collections/' took 0.00s
[2020.10.11-00.59.47:639][  0]LogFileCache: Scanning file cache for directory 'D:/Rivas_TicTakToe/TicTacToe-main/TTT/Content/Collections/' took 0.00s
[2020.10.11-00.59.47:639][  0]LogContentBrowser: Native class hierarchy populated in 0.1011 seconds. Added 3428 classes and 823 folders.
[2020.10.11-00.59.47:836][  0]LogContentBrowser: Native class hierarchy updated for 'WidgetCarousel' in 0.0021 seconds. Added 0 classes and 0 folders.
[2020.10.11-00.59.50:986][  0]LogContentBrowser: Native class hierarchy updated for 'AddContentDialog' in 0.0017 seconds. Added 0 classes and 0 folders.
[2020.10.11-00.59.51:028][  0]LogContentBrowser: Native class hierarchy updated for 'SceneOutliner' in 0.0019 seconds. Added 2 classes and 0 folders.
[2020.10.11-00.59.52:604][  0]LogSlate: Took 0.032095 seconds to synchronously load lazily loaded font '../../../Engine/Content/Slate/Fonts/Roboto-Regular.ttf' (155K)
[2020.10.11-00.59.52:645][  0]LogSlate: Took 0.020795 seconds to synchronously load lazily loaded font '../../../Engine/Content/Slate/Fonts/Roboto-Bold.ttf' (160K)
[2020.10.11-00.59.52:810][  0]LogSlate: Took 0.021253 seconds to synchronously load lazily loaded font '../../../Engine/Content/Editor/Slate/Fonts/FontAwesome.ttf' (139K)
[2020.10.11-00.59.54:226][  0]LogRenderer: Reallocating scene render targets to support 884x388 Format 10 NumSamples 1 (Frame:1).
[2020.10.11-00.59.57:003][  0]LogSlate: Took 0.027157 seconds to synchronously load lazily loaded font '../../../Engine/Content/Slate/Fonts/Roboto-Light.ttf' (167K)
[2020.10.11-00.59.57:781][  0]LogContentBrowser: Native class hierarchy updated for 'HierarchicalLODOutliner' in 0.0019 seconds. Added 0 classes and 0 folders.
[2020.10.11-00.59.57:782][  0]LogLoad: (Engine Initialization) Total time: 114.31 seconds
[2020.10.11-00.59.57:782][  0]LogLoad: (Engine Initialization) Total Blueprint compile time: 0.00 seconds
[2020.10.11-00.59.59:091][  0]LogContentStreaming: Texture pool size now 1000 MB
[2020.10.11-01.00.01:239][  2]LogAssetRegistry: Asset discovery search completed in 60.3854 seconds
[2020.10.11-01.00.01:266][  2]LogCollectionManager: Fixed up redirectors for 0 collections in 0.000694 seconds (updated 0 objects)
[2020.10.11-01.00.01:290][  2]LogSlate: Took 0.000331 seconds to synchronously load lazily loaded font '../../../Engine/Content/Slate/Fonts/Roboto-Light.ttf' (167K)
[2020.10.11-01.06.30:328][302]LogAssetEditorSubsystem: Opening Asset editor for Blueprint /Game/bpAI.bpAI
[2020.10.11-01.06.35:058][302]LogContentBrowser: Native class hierarchy updated for 'BlueprintGraph' in 0.0179 seconds. Added 125 classes and 0 folders.
[2020.10.11-01.06.42:962][302]LogSlate: Took 0.070839 seconds to synchronously load lazily loaded font '../../../Engine/Content/Slate/Fonts/Roboto-BoldCondensed.ttf' (158K)
[2020.10.11-01.07.03:701][486]LogSlate: Took 0.020754 seconds to synchronously load lazily loaded font '../../../Engine/Content/Slate/Fonts/Roboto-Italic.ttf' (157K)
[2020.10.11-01.16.53:455][594]LogTemp: Resetting audio stream to device id 
[2020.10.11-01.16.55:196][594]LogAudioMixer: Display: 0: FrontLeft
[2020.10.11-01.16.55:196][594]LogAudioMixer: Display: 1: FrontRight
[2020.10.11-01.16.55:352][595]LogTemp: Resetting audio stream to device id 
[2020.10.11-01.16.55:429][595]LogAudioMixer: Display: 0: FrontLeft
[2020.10.11-01.16.55:429][595]LogAudioMixer: Display: 1: FrontRight
[2020.10.11-01.16.56:545][599]LogD3D11RHI: Timed out while waiting for GPU to catch up. (0.5 s) (ErrorCode 00000001)
[2020.10.11-03.03.05:298][600]LogTemp: Resetting audio stream to device id 
[2020.10.11-03.03.05:410][600]LogAudioMixer: Display: 0: FrontLeft
[2020.10.11-03.03.05:410][600]LogAudioMixer: Display: 1: FrontRight
[2020.10.11-03.04.06:209][981]BlueprintLog: New page: Compile bpAI
[2020.10.11-03.04.07:292][981]LogUObjectHash: Compacting FUObjectHashTables data took  13.59ms
[2020.10.11-03.04.07:718][981]LogSlate: Took 0.045132 seconds to synchronously load lazily loaded font '../../../Engine/Content/Slate/Fonts/DroidSansMono.ttf' (77K)
[2020.10.11-03.04.08:496][992]Cmd: OBJ SAVEPACKAGE PACKAGE="/Game/bpAI" FILE="../../../../../Rivas_TicTakToe/TicTacToe-main/TTT/Content/bpAI.uasset" SILENT=true
[2020.10.11-03.04.09:349][992]LogSavePackage: Moving '../../../../../Rivas_TicTakToe/TicTacToe-main/TTT/Saved/bpAI52D3E2DA439CBE5C3A6E53AB8AC4D97E.tmp' to '../../../../../Rivas_TicTakToe/TicTacToe-main/TTT/Content/bpAI.uasset'
[2020.10.11-03.04.09:511][992]AssetCheck: New page: Asset Save: bpAI
[2020.10.11-03.04.09:511][992]LogContentValidation: Display: Validating Blueprint /Game/bpAI.bpAI
[2020.10.11-03.04.09:956][  0]LogSlate: Window 'bpAI' being destroyed
[2020.10.11-03.04.10:044][  0]LogSlate: Window 'bpAI' being destroyed
[2020.10.11-03.04.10:157][  0]LogWorld: UWorld::CleanupWorld for World_1, bSessionEnded=true, bCleanupResources=true
[2020.10.11-03.04.10:176][  0]LogSlate: InvalidateAllWidgets triggered.  All widgets were invalidated
[2020.10.11-03.04.12:434][ 74]LogTemp: Repeating last play command: Selected Viewport
[2020.10.11-03.04.12:681][ 74]LogPlayLevel: PlayLevel: No blueprints needed recompiling
[2020.10.11-03.04.12:722][ 74]PIE: New page: PIE session: game (Oct 10, 2020, 5:04:12 PM)
[2020.10.11-03.04.12:796][ 74]LogOnline: OSS: Creating online subsystem instance for: NULL
[2020.10.11-03.04.12:824][ 74]LogOnline: OSS: TryLoadSubsystemAndSetDefault: Loaded subsystem for module [NULL]
[2020.10.11-03.04.12:842][ 74]LogPlayLevel: Creating play world package: /Game/UEDPIE_0_game
[2020.10.11-03.04.13:012][ 74]LogPlayLevel: PIE: StaticDuplicateObject took: (0.168889s)
[2020.10.11-03.04.13:200][ 74]LogAIModule: Creating AISystem for world game
[2020.10.11-03.04.13:209][ 74]LogAISub: UAISubsystem::UAISubsystem EnvQueryManager (000002C8F896B200), frame # 6074
[2020.10.11-03.04.13:210][ 74]LogAISub: UAISubsystem::UAISubsystem AIPerceptionSystem (000002C88BD57740), frame # 6074
[2020.10.11-03.04.13:212][ 74]LogPlayLevel: PIE: World Init took: (0.199312s)
[2020.10.11-03.04.13:212][ 74]LogPlayLevel: PIE: Created PIE world by copying editor world from /Game/game.game to /Game/UEDPIE_0_game.game (0.370177s)
[2020.10.11-03.04.13:321][ 74]LogUObjectHash: Compacting FUObjectHashTables data took   9.61ms
[2020.10.11-03.04.13:350][ 74]LogAudioMixer: Display: Audio Mixer Platform Settings:
[2020.10.11-03.04.13:350][ 74]LogAudioMixer: Display: 	Sample Rate:						  48000
[2020.10.11-03.04.13:351][ 74]LogAudioMixer: Display: 	Callback Buffer Frame Size Requested: 1024
[2020.10.11-03.04.13:351][ 74]LogAudioMixer: Display: 	Callback Buffer Frame Size To Use:	  1024
[2020.10.11-03.04.13:351][ 74]LogAudioMixer: Display: 	Number of buffers to queue:			  2
[2020.10.11-03.04.13:351][ 74]LogAudioMixer: Display: 	Max Channels (voices):				  32
[2020.10.11-03.04.13:351][ 74]LogAudioMixer: Display: 	Number of Async Source Workers:		  0
[2020.10.11-03.04.13:351][ 74]LogAudio: Display: AudioDevice MaxSources: 32
[2020.10.11-03.04.13:366][ 74]LogAudio: Display: Using built-in audio occlusion.
[2020.10.11-03.04.13:367][ 74]LogAudioMixer: Display: Initializing audio mixer.
[2020.10.11-03.04.13:511][ 74]LogAudioMixer: Display: 0: FrontLeft
[2020.10.11-03.04.13:511][ 74]LogAudioMixer: Display: 1: FrontRight
[2020.10.11-03.04.13:540][ 74]LogAudioMixer: Display: Using Audio Device Speakers (Realtek High Definition Audio(SST))
[2020.10.11-03.04.13:548][ 74]LogAudioMixer: Display: Initializing Sound Submixes...
[2020.10.11-03.04.13:548][ 74]LogAudioMixer: Display: Creating Master Submix 'MasterSubmixDefault'
[2020.10.11-03.04.13:548][ 74]LogAudioMixer: Display: Creating Master Submix 'MasterReverbSubmixDefault'
[2020.10.11-03.04.13:551][ 74]LogAudioMixer: Display: Creating Master Submix 'MasterEQSubmixDefault'
[2020.10.11-03.04.13:595][ 74]LogInit: FAudioDevice initialized.
[2020.10.11-03.04.13:876][ 74]LogLoad: Game class is 'MyGameMode_C'
[2020.10.11-03.04.13:993][ 74]LogWorld: Bringing World /Game/UEDPIE_0_game.game up for play (max tick rate 60) at 2020.10.10-22.04.13
[2020.10.11-03.04.13:995][ 74]LogWorld: Bringing up level for play took: 0.021108
[2020.10.11-03.04.14:031][ 74]LogOnline: OSS: Creating online subsystem instance for: :Context_3
[2020.10.11-03.04.14:322][ 74]LogContentBrowser: Native class hierarchy updated for 'MovieSceneCapture' in 0.0284 seconds. Added 20 classes and 0 folders.
[2020.10.11-03.04.14:445][ 74]PIE: Server logged in
[2020.10.11-03.04.14:800][ 74]PIE: Play in editor total start time 2.298 seconds.
[2020.10.11-03.04.16:257][ 80]LogBlueprintUserMessages: [GameManager_2] Checking For Victory
[2020.10.11-03.04.16:265][ 80]LogBlueprintUserMessages: [GameManager_2] no winner yet
[2020.10.11-03.04.16:266][ 80]LogBlueprintUserMessages: [GameManager_2] Looking for the next set
[2020.10.11-03.04.16:266][ 80]LogBlueprintUserMessages: [GameManager_2] Checking For Victory
[2020.10.11-03.04.16:266][ 80]LogBlueprintUserMessages: [GameManager_2] no winner yet
[2020.10.11-03.04.16:266][ 80]LogBlueprintUserMessages: [GameManager_2] Looking for the next set
[2020.10.11-03.04.16:266][ 80]LogBlueprintUserMessages: [GameManager_2] Checking For Victory
[2020.10.11-03.04.16:266][ 80]LogBlueprintUserMessages: [GameManager_2] no winner yet
[2020.10.11-03.04.16:266][ 80]LogBlueprintUserMessages: [GameManager_2] Looking for the next set
[2020.10.11-03.04.16:266][ 80]LogBlueprintUserMessages: [GameManager_2] Checking For Victory
[2020.10.11-03.04.16:266][ 80]LogBlueprintUserMessages: [GameManager_2] no winner yet
[2020.10.11-03.04.16:266][ 80]LogBlueprintUserMessages: [GameManager_2] Looking for the next set
[2020.10.11-03.04.16:266][ 80]LogBlueprintUserMessages: [GameManager_2] Checking For Victory
[2020.10.11-03.04.16:266][ 80]LogBlueprintUserMessages: [GameManager_2] no winner yet
[2020.10.11-03.04.16:266][ 80]LogBlueprintUserMessages: [GameManager_2] Looking for the next set
[2020.10.11-03.04.16:267][ 80]LogBlueprintUserMessages: [GameManager_2] Checking For Victory
[2020.10.11-03.04.16:267][ 80]LogBlueprintUserMessages: [GameManager_2] no winner yet
[2020.10.11-03.04.16:267][ 80]LogBlueprintUserMessages: [GameManager_2] Looking for the next set
[2020.10.11-03.04.16:267][ 80]LogBlueprintUserMessages: [GameManager_2] Checking For Victory
[2020.10.11-03.04.16:267][ 80]LogBlueprintUserMessages: [GameManager_2] no winner yet
[2020.10.11-03.04.16:267][ 80]LogBlueprintUserMessages: [GameManager_2] Looking for the next set
[2020.10.11-03.04.16:267][ 80]LogBlueprintUserMessages: [GameManager_2] Checking For Victory
[2020.10.11-03.04.16:267][ 80]LogBlueprintUserMessages: [GameManager_2] no winner yet
[2020.10.11-03.04.16:267][ 80]LogBlueprintUserMessages: [GameManager_2] No winner, keep playing
[2020.10.11-03.04.16:284][ 80]LogBlueprintUserMessages: [GameManager_2] Checking For Victory
[2020.10.11-03.04.16:284][ 80]LogBlueprintUserMessages: [GameManager_2] no winner yet
[2020.10.11-03.04.16:284][ 80]LogBlueprintUserMessages: [GameManager_2] Looking for the next set
[2020.10.11-03.04.16:284][ 80]LogBlueprintUserMessages: [GameManager_2] Checking For Victory
[2020.10.11-03.04.16:284][ 80]LogBlueprintUserMessages: [GameManager_2] no winner yet
[2020.10.11-03.04.16:284][ 80]LogBlueprintUserMessages: [GameManager_2] Looking for the next set
[2020.10.11-03.04.16:284][ 80]LogBlueprintUserMessages: [GameManager_2] Checking For Victory
[2020.10.11-03.04.16:284][ 80]LogBlueprintUserMessages: [GameManager_2] no winner yet
[2020.10.11-03.04.16:284][ 80]LogBlueprintUserMessages: [GameManager_2] Looking for the next set
[2020.10.11-03.04.16:284][ 80]LogBlueprintUserMessages: [GameManager_2] Checking For Victory
[2020.10.11-03.04.16:284][ 80]LogBlueprintUserMessages: [GameManager_2] no winner yet
[2020.10.11-03.04.16:284][ 80]LogBlueprintUserMessages: [GameManager_2] Looking for the next set
[2020.10.11-03.04.16:284][ 80]LogBlueprintUserMessages: [GameManager_2] Checking For Victory
[2020.10.11-03.04.16:284][ 80]LogBlueprintUserMessages: [GameManager_2] no winner yet
[2020.10.11-03.04.16:284][ 80]LogBlueprintUserMessages: [GameManager_2] Looking for the next set
[2020.10.11-03.04.16:285][ 80]LogBlueprintUserMessages: [GameManager_2] Checking For Victory
[2020.10.11-03.04.16:285][ 80]LogBlueprintUserMessages: [GameManager_2] no winner yet
[2020.10.11-03.04.16:285][ 80]LogBlueprintUserMessages: [GameManager_2] Looking for the next set
[2020.10.11-03.04.16:285][ 80]LogBlueprintUserMessages: [GameManager_2] Checking For Victory
[2020.10.11-03.04.16:285][ 80]LogBlueprintUserMessages: [GameManager_2] no winner yet
[2020.10.11-03.04.16:285][ 80]LogBlueprintUserMessages: [GameManager_2] Looking for the next set
[2020.10.11-03.04.16:285][ 80]LogBlueprintUserMessages: [GameManager_2] Checking For Victory
[2020.10.11-03.04.16:285][ 80]LogBlueprintUserMessages: [GameManager_2] no winner yet
[2020.10.11-03.04.16:285][ 80]LogBlueprintUserMessages: [GameManager_2] No winner, keep playing
[2020.10.11-03.04.18:245][107]LogBlueprintUserMessages: [GameManager_2] Checking For Victory
[2020.10.11-03.04.18:245][107]LogBlueprintUserMessages: [GameManager_2] no winner yet
[2020.10.11-03.04.18:245][107]LogBlueprintUserMessages: [GameManager_2] Looking for the next set
[2020.10.11-03.04.18:245][107]LogBlueprintUserMessages: [GameManager_2] Checking For Victory
[2020.10.11-03.04.18:245][107]LogBlueprintUserMessages: [GameManager_2] no winner yet
[2020.10.11-03.04.18:245][107]LogBlueprintUserMessages: [GameManager_2] Looking for the next set
[2020.10.11-03.04.18:245][107]LogBlueprintUserMessages: [GameManager_2] Checking For Victory
[2020.10.11-03.04.18:246][107]LogBlueprintUserMessages: [GameManager_2] no winner yet
[2020.10.11-03.04.18:246][107]LogBlueprintUserMessages: [GameManager_2] Looking for the next set
[2020.10.11-03.04.18:246][107]LogBlueprintUserMessages: [GameManager_2] Checking For Victory
[2020.10.11-03.04.18:246][107]LogBlueprintUserMessages: [GameManager_2] no winner yet
[2020.10.11-03.04.18:246][107]LogBlueprintUserMessages: [GameManager_2] Looking for the next set
[2020.10.11-03.04.18:246][107]LogBlueprintUserMessages: [GameManager_2] Checking For Victory
[2020.10.11-03.04.18:246][107]LogBlueprintUserMessages: [GameManager_2] no winner yet
[2020.10.11-03.04.18:246][107]LogBlueprintUserMessages: [GameManager_2] Looking for the next set
[2020.10.11-03.04.18:246][107]LogBlueprintUserMessages: [GameManager_2] Checking For Victory
[2020.10.11-03.04.18:246][107]LogBlueprintUserMessages: [GameManager_2] no winner yet
[2020.10.11-03.04.18:246][107]LogBlueprintUserMessages: [GameManager_2] Looking for the next set
[2020.10.11-03.04.18:246][107]LogBlueprintUserMessages: [GameManager_2] Checking For Victory
[2020.10.11-03.04.18:246][107]LogBlueprintUserMessages: [GameManager_2] no winner yet
[2020.10.11-03.04.18:246][107]LogBlueprintUserMessages: [GameManager_2] Looking for the next set
[2020.10.11-03.04.18:247][107]LogBlueprintUserMessages: [GameManager_2] Checking For Victory
[2020.10.11-03.04.18:247][107]LogBlueprintUserMessages: [GameManager_2] no winner yet
[2020.10.11-03.04.18:247][107]LogBlueprintUserMessages: [GameManager_2] No winner, keep playing
[2020.10.11-03.04.18:247][107]LogBlueprintUserMessages: [GameManager_2] Checking For Victory
[2020.10.11-03.04.18:247][107]LogBlueprintUserMessages: [GameManager_2] no winner yet
[2020.10.11-03.04.18:247][107]LogBlueprintUserMessages: [GameManager_2] Looking for the next set
[2020.10.11-03.04.18:247][107]LogBlueprintUserMessages: [GameManager_2] Checking For Victory
[2020.10.11-03.04.18:247][107]LogBlueprintUserMessages: [GameManager_2] no winner yet
[2020.10.11-03.04.18:247][107]LogBlueprintUserMessages: [GameManager_2] Looking for the next set
[2020.10.11-03.04.18:247][107]LogBlueprintUserMessages: [GameManager_2] Checking For Victory
[2020.10.11-03.04.18:247][107]LogBlueprintUserMessages: [GameManager_2] no winner yet
[2020.10.11-03.04.18:247][107]LogBlueprintUserMessages: [GameManager_2] Looking for the next set
[2020.10.11-03.04.18:247][107]LogBlueprintUserMessages: [GameManager_2] Checking For Victory
[2020.10.11-03.04.18:247][107]LogBlueprintUserMessages: [GameManager_2] no winner yet
[2020.10.11-03.04.18:248][107]LogBlueprintUserMessages: [GameManager_2] Looking for the next set
[2020.10.11-03.04.18:248][107]LogBlueprintUserMessages: [GameManager_2] Checking For Victory
[2020.10.11-03.04.18:248][107]LogBlueprintUserMessages: [GameManager_2] no winner yet
[2020.10.11-03.04.18:248][107]LogBlueprintUserMessages: [GameManager_2] Looking for the next set
[2020.10.11-03.04.18:248][107]LogBlueprintUserMessages: [GameManager_2] Checking For Victory
[2020.10.11-03.04.18:248][107]LogBlueprintUserMessages: [GameManager_2] no winner yet
[2020.10.11-03.04.18:248][107]LogBlueprintUserMessages: [GameManager_2] Looking for the next set
[2020.10.11-03.04.18:248][107]LogBlueprintUserMessages: [GameManager_2] Checking For Victory
[2020.10.11-03.04.18:248][107]LogBlueprintUserMessages: [GameManager_2] no winner yet
[2020.10.11-03.04.18:248][107]LogBlueprintUserMessages: [GameManager_2] Looking for the next set
[2020.10.11-03.04.18:249][107]LogBlueprintUserMessages: [GameManager_2] Checking For Victory
[2020.10.11-03.04.18:249][107]LogBlueprintUserMessages: [GameManager_2] no winner yet
[2020.10.11-03.04.18:249][107]LogBlueprintUserMessages: [GameManager_2] No winner, keep playing
[2020.10.11-03.04.20:017][130]LogBlueprintUserMessages: [GameManager_2] Checking For Victory
[2020.10.11-03.04.20:018][130]LogBlueprintUserMessages: [GameManager_2] no winner yet
[2020.10.11-03.04.20:018][130]LogBlueprintUserMessages: [GameManager_2] Looking for the next set
[2020.10.11-03.04.20:018][130]LogBlueprintUserMessages: [GameManager_2] Checking For Victory
[2020.10.11-03.04.20:018][130]LogBlueprintUserMessages: [GameManager_2] no winner yet
[2020.10.11-03.04.20:018][130]LogBlueprintUserMessages: [GameManager_2] Looking for the next set
[2020.10.11-03.04.20:018][130]LogBlueprintUserMessages: [GameManager_2] Checking For Victory
[2020.10.11-03.04.20:018][130]LogBlueprintUserMessages: [GameManager_2] no winner yet
[2020.10.11-03.04.20:018][130]LogBlueprintUserMessages: [GameManager_2] Looking for the next set
[2020.10.11-03.04.20:018][130]LogBlueprintUserMessages: [GameManager_2] Checking For Victory
[2020.10.11-03.04.20:018][130]LogBlueprintUserMessages: [GameManager_2] no winner yet
[2020.10.11-03.04.20:021][130]LogBlueprintUserMessages: [GameManager_2] Looking for the next set
[2020.10.11-03.04.20:022][130]LogBlueprintUserMessages: [GameManager_2] Checking For Victory
[2020.10.11-03.04.20:022][130]LogBlueprintUserMessages: [GameManager_2] no winner yet
[2020.10.11-03.04.20:022][130]LogBlueprintUserMessages: [GameManager_2] Looking for the next set
[2020.10.11-03.04.20:022][130]LogBlueprintUserMessages: [GameManager_2] Checking For Victory
[2020.10.11-03.04.20:022][130]LogBlueprintUserMessages: [GameManager_2] no winner yet
[2020.10.11-03.04.20:022][130]LogBlueprintUserMessages: [GameManager_2] Looking for the next set
[2020.10.11-03.04.20:022][130]LogBlueprintUserMessages: [GameManager_2] Checking For Victory
[2020.10.11-03.04.20:022][130]LogBlueprintUserMessages: [GameManager_2] no winner yet
[2020.10.11-03.04.20:022][130]LogBlueprintUserMessages: [GameManager_2] Looking for the next set
[2020.10.11-03.04.20:022][130]LogBlueprintUserMessages: [GameManager_2] Checking For Victory
[2020.10.11-03.04.20:022][130]LogBlueprintUserMessages: [GameManager_2] no winner yet
[2020.10.11-03.04.20:022][130]LogBlueprintUserMessages: [GameManager_2] No winner, keep playing
[2020.10.11-03.04.20:022][130]LogBlueprintUserMessages: [GameManager_2] Checking For Victory
[2020.10.11-03.04.20:023][130]LogBlueprintUserMessages: [GameManager_2] no winner yet
[2020.10.11-03.04.20:023][130]LogBlueprintUserMessages: [GameManager_2] Looking for the next set
[2020.10.11-03.04.20:023][130]LogBlueprintUserMessages: [GameManager_2] Checking For Victory
[2020.10.11-03.04.20:023][130]LogBlueprintUserMessages: [GameManager_2] no winner yet
[2020.10.11-03.04.20:023][130]LogBlueprintUserMessages: [GameManager_2] Looking for the next set
[2020.10.11-03.04.20:023][130]LogBlueprintUserMessages: [GameManager_2] Checking For Victory
[2020.10.11-03.04.20:023][130]LogBlueprintUserMessages: [GameManager_2] no winner yet
[2020.10.11-03.04.20:023][130]LogBlueprintUserMessages: [GameManager_2] Looking for the next set
[2020.10.11-03.04.20:023][130]LogBlueprintUserMessages: [GameManager_2] Checking For Victory
[2020.10.11-03.04.20:023][130]LogBlueprintUserMessages: [GameManager_2] no winner yet
[2020.10.11-03.04.20:023][130]LogBlueprintUserMessages: [GameManager_2] Looking for the next set
[2020.10.11-03.04.20:023][130]LogBlueprintUserMessages: [GameManager_2] Checking For Victory
[2020.10.11-03.04.20:023][130]LogBlueprintUserMessages: [GameManager_2] no winner yet
[2020.10.11-03.04.20:023][130]LogBlueprintUserMessages: [GameManager_2] Looking for the next set
[2020.10.11-03.04.20:023][130]LogBlueprintUserMessages: [GameManager_2] Checking For Victory
[2020.10.11-03.04.20:023][130]LogBlueprintUserMessages: [GameManager_2] no winner yet
[2020.10.11-03.04.20:024][130]LogBlueprintUserMessages: [GameManager_2] Looking for the next set
[2020.10.11-03.04.20:024][130]LogBlueprintUserMessages: [GameManager_2] Checking For Victory
[2020.10.11-03.04.20:024][130]LogBlueprintUserMessages: [GameManager_2] no winner yet
[2020.10.11-03.04.20:024][130]LogBlueprintUserMessages: [GameManager_2] Looking for the next set
[2020.10.11-03.04.20:024][130]LogBlueprintUserMessages: [GameManager_2] Checking For Victory
[2020.10.11-03.04.20:024][130]LogBlueprintUserMessages: [GameManager_2] no winner yet
[2020.10.11-03.04.20:024][130]LogBlueprintUserMessages: [GameManager_2] No winner, keep playing
[2020.10.11-03.04.21:326][147]LogBlueprintUserMessages: [GameManager_2] Checking For Victory
[2020.10.11-03.04.21:326][147]LogBlueprintUserMessages: [GameManager_2] no winner yet
[2020.10.11-03.04.21:326][147]LogBlueprintUserMessages: [GameManager_2] Looking for the next set
[2020.10.11-03.04.21:326][147]LogBlueprintUserMessages: [GameManager_2] Checking For Victory
[2020.10.11-03.04.21:326][147]LogBlueprintUserMessages: [GameManager_2] no winner yet
[2020.10.11-03.04.21:326][147]LogBlueprintUserMessages: [GameManager_2] Looking for the next set
[2020.10.11-03.04.21:326][147]LogBlueprintUserMessages: [GameManager_2] Checking For Victory
[2020.10.11-03.04.21:326][147]LogBlueprintUserMessages: [GameManager_2] no winner yet
[2020.10.11-03.04.21:326][147]LogBlueprintUserMessages: [GameManager_2] Looking for the next set
[2020.10.11-03.04.21:326][147]LogBlueprintUserMessages: [GameManager_2] Checking For Victory
[2020.10.11-03.04.21:327][147]LogBlueprintUserMessages: [GameManager_2] no winner yet
[2020.10.11-03.04.21:327][147]LogBlueprintUserMessages: [GameManager_2] Looking for the next set
[2020.10.11-03.04.21:327][147]LogBlueprintUserMessages: [GameManager_2] Checking For Victory
[2020.10.11-03.04.21:327][147]LogBlueprintUserMessages: [GameManager_2] no winner yet
[2020.10.11-03.04.21:327][147]LogBlueprintUserMessages: [GameManager_2] Looking for the next set
[2020.10.11-03.04.21:327][147]LogBlueprintUserMessages: [GameManager_2] Checking For Victory
[2020.10.11-03.04.21:327][147]LogBlueprintUserMessages: [GameManager_2] no winner yet
[2020.10.11-03.04.21:327][147]LogBlueprintUserMessages: [GameManager_2] Looking for the next set
[2020.10.11-03.04.21:327][147]LogBlueprintUserMessages: [GameManager_2] Checking For Victory
[2020.10.11-03.04.21:327][147]LogBlueprintUserMessages: [GameManager_2] no winner yet
[2020.10.11-03.04.21:327][147]LogBlueprintUserMessages: [GameManager_2] Looking for the next set
[2020.10.11-03.04.21:327][147]LogBlueprintUserMessages: [GameManager_2] Checking For Victory
[2020.10.11-03.04.21:327][147]LogBlueprintUserMessages: [GameManager_2] no winner yet
[2020.10.11-03.04.21:327][147]LogBlueprintUserMessages: [GameManager_2] No winner, keep playing
[2020.10.11-03.04.21:329][147]LogBlueprintUserMessages: [GameManager_2] Checking For Victory
[2020.10.11-03.04.21:329][147]LogBlueprintUserMessages: [GameManager_2] no winner yet
[2020.10.11-03.04.21:329][147]LogBlueprintUserMessages: [GameManager_2] Looking for the next set
[2020.10.11-03.04.21:329][147]LogBlueprintUserMessages: [GameManager_2] Checking For Victory
[2020.10.11-03.04.21:329][147]LogBlueprintUserMessages: [GameManager_2] no winner yet
[2020.10.11-03.04.21:329][147]LogBlueprintUserMessages: [GameManager_2] Looking for the next set
[2020.10.11-03.04.21:329][147]LogBlueprintUserMessages: [GameManager_2] Checking For Victory
[2020.10.11-03.04.21:329][147]LogBlueprintUserMessages: [GameManager_2] no winner yet
[2020.10.11-03.04.21:329][147]LogBlueprintUserMessages: [GameManager_2] Looking for the next set
[2020.10.11-03.04.21:329][147]LogBlueprintUserMessages: [GameManager_2] Checking For Victory
[2020.10.11-03.04.21:329][147]LogBlueprintUserMessages: [GameManager_2] no winner yet
[2020.10.11-03.04.21:329][147]LogBlueprintUserMessages: [GameManager_2] Looking for the next set
[2020.10.11-03.04.21:330][147]LogBlueprintUserMessages: [GameManager_2] Checking For Victory
[2020.10.11-03.04.21:330][147]LogBlueprintUserMessages: [GameManager_2] no winner yet
[2020.10.11-03.04.21:330][147]LogBlueprintUserMessages: [GameManager_2] Looking for the next set
[2020.10.11-03.04.21:330][147]LogBlueprintUserMessages: [GameManager_2] Checking For Victory
[2020.10.11-03.04.21:330][147]LogBlueprintUserMessages: [GameManager_2] no winner yet
[2020.10.11-03.04.21:330][147]LogBlueprintUserMessages: [GameManager_2] Looking for the next set
[2020.10.11-03.04.21:330][147]LogBlueprintUserMessages: [GameManager_2] Checking For Victory
[2020.10.11-03.04.21:330][147]LogBlueprintUserMessages: [GameManager_2] no winner yet
[2020.10.11-03.04.21:330][147]LogBlueprintUserMessages: [GameManager_2] Looking for the next set
[2020.10.11-03.04.21:330][147]LogBlueprintUserMessages: [GameManager_2] Checking For Victory
[2020.10.11-03.04.21:330][147]LogBlueprintUserMessages: [GameManager_2] no winner yet
[2020.10.11-03.04.21:330][147]LogBlueprintUserMessages: [GameManager_2] No winner, keep playing
[2020.10.11-03.04.22:683][164]LogBlueprintUserMessages: [GameManager_2] Checking For Victory
[2020.10.11-03.04.22:684][164]LogBlueprintUserMessages: [GameManager_2] no winner yet
[2020.10.11-03.04.22:684][164]LogBlueprintUserMessages: [GameManager_2] Looking for the next set
[2020.10.11-03.04.22:684][164]LogBlueprintUserMessages: [GameManager_2] Checking For Victory
[2020.10.11-03.04.22:684][164]LogBlueprintUserMessages: [GameManager_2] no winner yet
[2020.10.11-03.04.22:684][164]LogBlueprintUserMessages: [GameManager_2] Looking for the next set
[2020.10.11-03.04.22:684][164]LogBlueprintUserMessages: [GameManager_2] Checking For Victory
[2020.10.11-03.04.22:684][164]LogBlueprintUserMessages: [GameManager_2] no winner yet
[2020.10.11-03.04.22:684][164]LogBlueprintUserMessages: [GameManager_2] Looking for the next set
[2020.10.11-03.04.22:684][164]LogBlueprintUserMessages: [GameManager_2] Checking For Victory
[2020.10.11-03.04.22:684][164]LogBlueprintUserMessages: [GameManager_2] no winner yet
[2020.10.11-03.04.22:684][164]LogBlueprintUserMessages: [GameManager_2] Looking for the next set
[2020.10.11-03.04.22:684][164]LogBlueprintUserMessages: [GameManager_2] Checking For Victory
[2020.10.11-03.04.22:685][164]LogBlueprintUserMessages: [GameManager_2] no winner yet
[2020.10.11-03.04.22:685][164]LogBlueprintUserMessages: [GameManager_2] Looking for the next set
[2020.10.11-03.04.22:685][164]LogBlueprintUserMessages: [GameManager_2] Checking For Victory
[2020.10.11-03.04.22:685][164]LogBlueprintUserMessages: [GameManager_2] no winner yet
[2020.10.11-03.04.22:685][164]LogBlueprintUserMessages: [GameManager_2] Looking for the next set
[2020.10.11-03.04.22:685][164]LogBlueprintUserMessages: [GameManager_2] Checking For Victory
[2020.10.11-03.04.22:685][164]LogBlueprintUserMessages: [GameManager_2] no winner yet
[2020.10.11-03.04.22:685][164]LogBlueprintUserMessages: [GameManager_2] Looking for the next set
[2020.10.11-03.04.22:685][164]LogBlueprintUserMessages: [GameManager_2] Checking For Victory
[2020.10.11-03.04.22:685][164]LogBlueprintUserMessages: [GameManager_2] no winner yet
[2020.10.11-03.04.22:685][164]LogBlueprintUserMessages: [GameManager_2] No winner, keep playing
[2020.10.11-03.04.22:689][164]LogScript: Warning: Attempted to access index 9 from array grid of length 9!
	GameManager_C /Game/UEDPIE_0_game.game:PersistentLevel.GameManager_2
	Function /Game/GameManager.GameManager_C:IsSpaceEmpty:0028
[2020.10.11-03.04.22:725][164]PIE: Error: Blueprint Runtime Error: "Attempted to access index 9 from array grid of length 9!". Blueprint:  GameManager Function:  Is Space Empty Graph:  IsSpaceEmpty Node:  Branch
[2020.10.11-03.04.22:729][164]LogScript: Warning: Script Msg: Attempted to set an invalid index on array grid [9/8]!
[2020.10.11-03.04.22:729][164]LogScript: Warning: Script Msg: Attempted to access index 9 from array 'texts' of length 9 in '/Game/GameManager.GameManager_C'!
[2020.10.11-03.04.22:729][164]LogScript: Warning: Accessed None trying to read property CallFunc_Array_Get_Item
	GameManager_C /Game/UEDPIE_0_game.game:PersistentLevel.GameManager_2
	Function /Game/GameManager.GameManager_C:SetGridSpace:0208
[2020.10.11-03.04.22:729][164]PIE: Error: Blueprint Runtime Error: "Accessed None trying to read property CallFunc_Array_Get_Item". Blueprint:  GameManager Function:  Set Grid Space Graph:  SetGridSpace Node:  Set Text
[2020.10.11-03.04.22:730][164]LogScript: Warning: Accessed None
	GameManager_C /Game/UEDPIE_0_game.game:PersistentLevel.GameManager_2
	Function /Game/GameManager.GameManager_C:SetGridSpace:021D
[2020.10.11-03.04.22:730][164]PIE: Error: Blueprint Runtime Error: "Accessed None". Blueprint:  GameManager Function:  Set Grid Space Graph:  SetGridSpace Node:  Set Text
[2020.10.11-03.04.22:730][164]LogBlueprintUserMessages: [GameManager_2] Checking For Victory
[2020.10.11-03.04.22:730][164]LogBlueprintUserMessages: [GameManager_2] no winner yet
[2020.10.11-03.04.22:730][164]LogBlueprintUserMessages: [GameManager_2] Looking for the next set
[2020.10.11-03.04.22:730][164]LogBlueprintUserMessages: [GameManager_2] Checking For Victory
[2020.10.11-03.04.22:730][164]LogBlueprintUserMessages: [GameManager_2] no winner yet
[2020.10.11-03.04.22:730][164]LogBlueprintUserMessages: [GameManager_2] Looking for the next set
[2020.10.11-03.04.22:730][164]LogBlueprintUserMessages: [GameManager_2] Checking For Victory
[2020.10.11-03.04.22:731][164]LogBlueprintUserMessages: [GameManager_2] no winner yet
[2020.10.11-03.04.22:731][164]LogBlueprintUserMessages: [GameManager_2] Looking for the next set
[2020.10.11-03.04.22:731][164]LogBlueprintUserMessages: [GameManager_2] Checking For Victory
[2020.10.11-03.04.22:731][164]LogBlueprintUserMessages: [GameManager_2] no winner yet
[2020.10.11-03.04.22:731][164]LogBlueprintUserMessages: [GameManager_2] Looking for the next set
[2020.10.11-03.04.22:731][164]LogBlueprintUserMessages: [GameManager_2] Checking For Victory
[2020.10.11-03.04.22:731][164]LogBlueprintUserMessages: [GameManager_2] no winner yet
[2020.10.11-03.04.22:731][164]LogBlueprintUserMessages: [GameManager_2] Looking for the next set
[2020.10.11-03.04.22:731][164]LogBlueprintUserMessages: [GameManager_2] Checking For Victory
[2020.10.11-03.04.22:731][164]LogBlueprintUserMessages: [GameManager_2] no winner yet
[2020.10.11-03.04.22:731][164]LogBlueprintUserMessages: [GameManager_2] Looking for the next set
[2020.10.11-03.04.22:731][164]LogBlueprintUserMessages: [GameManager_2] Checking For Victory
[2020.10.11-03.04.22:731][164]LogBlueprintUserMessages: [GameManager_2] no winner yet
[2020.10.11-03.04.22:731][164]LogBlueprintUserMessages: [GameManager_2] Looking for the next set
[2020.10.11-03.04.22:732][164]LogBlueprintUserMessages: [GameManager_2] Checking For Victory
[2020.10.11-03.04.22:732][164]LogBlueprintUserMessages: [GameManager_2] no winner yet
[2020.10.11-03.04.22:732][164]LogBlueprintUserMessages: [GameManager_2] No winner, keep playing
[2020.10.11-03.04.25:604][192]LogSlate: Updating window title bar state: overlay mode, drag disabled, window buttons hidden, title bar hidden
[2020.10.11-03.04.25:675][192]LogWorld: BeginTearingDown for /Game/UEDPIE_0_game
[2020.10.11-03.04.26:221][192]LogWorld: UWorld::CleanupWorld for game, bSessionEnded=true, bCleanupResources=true
[2020.10.11-03.04.26:223][192]LogSlate: InvalidateAllWidgets triggered.  All widgets were invalidated
[2020.10.11-03.04.26:245][192]LogPlayLevel: Display: Shutting down PIE online subsystems
[2020.10.11-03.04.26:268][192]LogSlate: InvalidateAllWidgets triggered.  All widgets were invalidated
[2020.10.11-03.04.26:518][192]LogSlate: Updating window title bar state: overlay mode, drag disabled, window buttons hidden, title bar hidden
[2020.10.11-03.04.26:546][192]LogAISub: UAISubsystem::~UAISubsystem AIPerceptionSystem (000002C88BD57740), frame # 6192
[2020.10.11-03.04.26:546][192]LogAISub: UAISubsystem::~UAISubsystem EnvQueryManager (000002C8F896B200), frame # 6192
[2020.10.11-03.04.26:695][192]LogUObjectHash: Compacting FUObjectHashTables data took   7.85ms
[2020.10.11-03.04.27:090][193]LogPlayLevel: Display: Destroying online subsystem :Context_3
[2020.10.11-03.04.34:259][276]LogSlate: Window 'Message Log' being destroyed
[2020.10.11-03.04.34:347][276]LogSlate: Window 'Message Log' being destroyed
[2020.10.11-03.04.55:553][357]LogAssetEditorSubsystem: Opening Asset editor for Blueprint /Game/bpAI.bpAI
[2020.10.11-03.06.58:644][121]Cmd: OBJ SAVEPACKAGE PACKAGE="/Game/bpAI" FILE="../../../../../Rivas_TicTakToe/TicTacToe-main/TTT/Content/bpAI.uasset" SILENT=true
[2020.10.11-03.06.59:225][121]LogSavePackage: Moving '../../../../../Rivas_TicTakToe/TicTacToe-main/TTT/Saved/bpAIE6F608B0492F0986D233A3BB8AF7B7B3.tmp' to '../../../../../Rivas_TicTakToe/TicTacToe-main/TTT/Content/bpAI.uasset'
[2020.10.11-03.06.59:268][121]AssetCheck: New page: Asset Save: bpAI
[2020.10.11-03.06.59:269][121]LogContentValidation: Display: Validating Blueprint /Game/bpAI.bpAI
[2020.10.11-03.08.31:875][423]Cmd: OBJ SAVEPACKAGE PACKAGE="/Game/bpAI" FILE="../../../../../Rivas_TicTakToe/TicTacToe-main/TTT/Content/bpAI.uasset" SILENT=true
[2020.10.11-03.08.32:839][423]LogSavePackage: Moving '../../../../../Rivas_TicTakToe/TicTacToe-main/TTT/Saved/bpAIB097609745E6706E420D08B490B1BCF8.tmp' to '../../../../../Rivas_TicTakToe/TicTacToe-main/TTT/Content/bpAI.uasset'
[2020.10.11-03.08.32:926][423]AssetCheck: New page: Asset Save: bpAI
[2020.10.11-03.08.32:926][423]LogContentValidation: Display: Validating Blueprint /Game/bpAI.bpAI
[2020.10.11-03.08.33:346][431]LogSlate: Window 'bpAI' being destroyed
[2020.10.11-03.08.33:429][431]LogSlate: Window 'bpAI' being destroyed
[2020.10.11-03.08.33:476][431]LogWorld: UWorld::CleanupWorld for World_2, bSessionEnded=true, bCleanupResources=true
[2020.10.11-03.08.33:476][431]LogSlate: InvalidateAllWidgets triggered.  All widgets were invalidated
[2020.10.11-03.08.37:096][480]LogUObjectHash: Compacting FUObjectHashTables data took  21.20ms
[2020.10.11-03.08.37:221][480]Cmd: OBJ SAVEPACKAGE PACKAGE="/Game/game" FILE="../../../../../Rivas_TicTakToe/TicTacToe-main/TTT/Content/game.umap" SILENT=true AUTOSAVING=false KEEPDIRTY=false
[2020.10.11-03.08.37:349][480]LogUObjectHash: Compacting FUObjectHashTables data took  13.29ms
[2020.10.11-03.08.38:427][480]LogSavePackage: Moving '../../../../../Rivas_TicTakToe/TicTacToe-main/TTT/Saved/gameF43DAE1F44545E6765403BBE558D5894.tmp' to '../../../../../Rivas_TicTakToe/TicTacToe-main/TTT/Content/game.umap'
[2020.10.11-03.08.38:717][480]LogFileHelpers: Saving map 'game' took 1.528
[2020.10.11-03.08.38:784][480]AssetCheck: New page: Asset Save: game
[2020.10.11-03.08.38:784][480]LogContentValidation: Display: Validating World /Game/game.game
[2020.10.11-03.08.39:544][493]LogUObjectHash: Compacting FUObjectHashTables data took   2.50ms
[2020.10.11-03.08.39:987][493]LogSlate: Window 'TTT - Unreal Editor' being destroyed
[2020.10.11-03.08.40:004][493]LogWindowsTextInputMethodSystem: Display: IME system now deactivated.
[2020.10.11-03.08.41:119][494]Cmd: QUIT_EDITOR
[2020.10.11-03.08.41:120][494]LogCore: Engine exit requested (reason: UUnrealEdEngine::CloseEditor())
[2020.10.11-03.08.41:235][494]LogCore: Engine exit requested (reason: EngineExit() was called; note: exit was already requested)
[2020.10.11-03.08.42:629][494]LogExit: Preparing to exit.
[2020.10.11-03.08.44:430][494]LogWorld: UWorld::CleanupWorld for World_0, bSessionEnded=true, bCleanupResources=true
[2020.10.11-03.08.44:887][494]LogDemo: Cleaned up 0 splitscreen connections with owner deletion
[2020.10.11-03.08.45:348][494]LogWorld: UWorld::CleanupWorld for None, bSessionEnded=true, bCleanupResources=true
[2020.10.11-03.08.45:350][494]LogExit: Editor shut down
[2020.10.11-03.08.45:366][494]LogExit: Transaction tracking system shut down
